[2024-11-29T02:31:52.082Z] 开始处理:[3963074,3963075,3963076,3963077,3963078]
[2024-11-29T02:31:52.447Z] 更新状态成功:[3963074,3963075,3963076,3963077,3963078]
[2024-11-29T02:31:52.463Z] 开始处理:[3963079,3963080,3963081,3963082,3963083]
[2024-11-29T02:31:52.580Z] 更新状态成功:[3963079,3963080,3963081,3963082,3963083]
[2024-11-29T02:31:52.600Z] 开始处理:[3963084,3963085,3963086,3963087,3963088]
[2024-11-29T02:31:52.724Z] 更新状态成功:[3963084,3963085,3963086,3963087,3963088]
[2024-11-29T02:31:52.744Z] 开始处理:[3963089,3963090,3963091,3963092,3963093]
[2024-11-29T02:31:52.865Z] 更新状态成功:[3963089,3963090,3963091,3963092,3963093]
[2024-11-29T02:31:52.888Z] 开始处理:[3963094,3963095,3963096,3963097,3963098]
[2024-11-29T02:31:53.030Z] 更新状态成功:[3963094,3963095,3963096,3963097,3963098]
[2024-11-29T02:31:53.049Z] 开始处理:[3963099,3963100,3963101,3963102,3963103]
[2024-11-29T02:31:53.178Z] 更新状态成功:[3963099,3963100,3963101,3963102,3963103]
[2024-11-29T02:31:53.198Z] 开始处理:[3963104,3963105,3963106,3963107,3963108]
[2024-11-29T02:31:53.318Z] 更新状态成功:[3963104,3963105,3963106,3963107,3963108]
[2024-11-29T02:31:53.356Z] 开始处理:[3963109,3963110,3963111,3963112,3963113]
[2024-11-29T02:31:53.522Z] 更新状态成功:[3963109,3963110,3963111,3963112,3963113]
[2024-11-29T02:31:53.559Z] 开始处理:[3963114,3963115,3963116,3963117,3963118]
[2024-11-29T02:31:53.900Z] 更新状态成功:[3963114,3963115,3963116,3963117,3963118]
[2024-11-29T02:31:53.919Z] 开始处理:[3963119,3963120,3963121,3963122,3963123]
[2024-11-29T02:31:54.045Z] 更新状态成功:[3963119,3963120,3963121,3963122,3963123]
[2024-11-29T02:31:54.062Z] 开始处理:[3963124,3963125,3963126,3963127,3963128]
[2024-11-29T02:31:54.199Z] 更新状态成功:[3963124,3963125,3963126,3963127,3963128]
[2024-11-29T02:31:54.219Z] 开始处理:[3963129,3963130,3963131,3963132,3963133]
[2024-11-29T02:31:54.326Z] 更新状态成功:[3963129,3963130,3963131,3963132,3963133]
[2024-11-29T02:31:54.341Z] 开始处理:[3963134,3963135,3963136,3963137,3963138]
[2024-11-29T02:31:54.462Z] 更新状态成功:[3963134,3963135,3963136,3963137,3963138]
[2024-11-29T02:31:54.495Z] 开始处理:[3963139,3963140,3963141,3963142,3963143]
[2024-11-29T02:31:54.772Z] 更新状态成功:[3963139,3963140,3963141,3963142,3963143]
[2024-11-29T02:31:54.787Z] 开始处理:[3963144,3963145,3963146,3963147,3963148]
[2024-11-29T02:31:54.889Z] 更新状态成功:[3963144,3963145,3963146,3963147,3963148]
[2024-11-29T02:31:54.902Z] 开始处理:[3963149,3963150,3963151,3963152,3963153]
[2024-11-29T02:31:55.018Z] 更新状态成功:[3963149,3963150,3963151,3963152,3963153]
[2024-11-29T02:31:55.041Z] 开始处理:[3963154,3963155,3963156,3963157,3963158]
[2024-11-29T02:31:55.164Z] 更新状态成功:[3963154,3963155,3963156,3963157,3963158]
[2024-11-29T02:31:55.181Z] 开始处理:[3963159,3963160,3963161,3963162,3963163]
[2024-11-29T02:31:55.343Z] 更新状态成功:[3963159,3963160,3963161,3963162,3963163]
[2024-11-29T02:31:55.361Z] 开始处理:[3963164,3963165,3963166,3963167,3963168]
[2024-11-29T02:31:55.495Z] 更新状态成功:[3963164,3963165,3963166,3963167,3963168]
[2024-11-29T02:31:55.512Z] 开始处理:[3963169,3963170,3963171,3963172,3963173]
[2024-11-29T02:31:55.668Z] 更新状态成功:[3963169,3963170,3963171,3963172,3963173]
[2024-11-29T02:31:55.688Z] 开始处理:[3963174,3963175,3963176,3963177,3963178]
[2024-11-29T02:31:55.803Z] 更新状态成功:[3963174,3963175,3963176,3963177,3963178]
[2024-11-29T02:31:55.821Z] 开始处理:[3963179,3963180,3963181,3963182,3963183]
[2024-11-29T02:31:55.951Z] 更新状态成功:[3963179,3963180,3963181,3963182,3963183]
[2024-11-29T02:31:55.971Z] 开始处理:[3963184,3963185,3963186,3963187,3963188]
[2024-11-29T02:31:56.080Z] 更新状态成功:[3963184,3963185,3963186,3963187,3963188]
[2024-11-29T02:31:56.098Z] 开始处理:[3963189,3963190,3963191,3963192,3963193]
[2024-11-29T02:31:56.217Z] 更新状态成功:[3963189,3963190,3963191,3963192,3963193]
[2024-11-29T02:31:56.272Z] 开始处理:[3963194,3963195,3963196,3963197,3963198]
[2024-11-29T02:31:56.405Z] 更新状态成功:[3963194,3963195,3963196,3963197,3963198]
[2024-11-29T02:31:56.424Z] 开始处理:[3963199,3963200,3963201,3963202,3963203]
[2024-11-29T02:31:56.584Z] 更新状态成功:[3963199,3963200,3963201,3963202,3963203]
[2024-11-29T02:31:56.600Z] 开始处理:[3963204,3963205,3963206,3963207,3963208]
[2024-11-29T02:31:56.711Z] 更新状态成功:[3963204,3963205,3963206,3963207,3963208]
[2024-11-29T02:31:56.734Z] 开始处理:[3963209,3963210,3963211,3963212,3963213]
[2024-11-29T02:31:56.857Z] 更新状态成功:[3963209,3963210,3963211,3963212,3963213]
[2024-11-29T02:31:56.875Z] 开始处理:[3963214,3963215,3963216,3963217,3963218]
[2024-11-29T02:31:57.000Z] 更新状态成功:[3963214,3963215,3963216,3963217,3963218]
[2024-11-29T02:31:57.017Z] 开始处理:[3963219,3963220,3963221,3963222,3963223]
[2024-11-29T02:31:57.171Z] 更新状态成功:[3963219,3963220,3963221,3963222,3963223]
[2024-11-29T02:31:57.195Z] 开始处理:[3963224,3963225,3963226,3963227,3963228]
[2024-11-29T02:31:57.332Z] 更新状态成功:[3963224,3963225,3963226,3963227,3963228]
[2024-11-29T02:31:57.351Z] 开始处理:[3963229,3963230,3963231,3963232,3963233]
[2024-11-29T02:31:57.463Z] 更新状态成功:[3963229,3963230,3963231,3963232,3963233]
[2024-11-29T02:31:57.483Z] 开始处理:[3963234,3963235,3963236,3963237,3963238]
[2024-11-29T02:31:57.594Z] 更新状态成功:[3963234,3963235,3963236,3963237,3963238]
[2024-11-29T02:31:57.614Z] 开始处理:[3963239,3963240,3963241,3963242,3963243]
[2024-11-29T02:31:57.732Z] 更新状态成功:[3963239,3963240,3963241,3963242,3963243]
[2024-11-29T02:31:57.755Z] 开始处理:[3963244,3963245,3963246,3963247,3963248]
[2024-11-29T02:31:57.884Z] 更新状态成功:[3963244,3963245,3963246,3963247,3963248]
[2024-11-29T02:31:57.900Z] 开始处理:[3963249,3963250,3963251,3963252,3963253]
[2024-11-29T02:31:58.016Z] 更新状态成功:[3963249,3963250,3963251,3963252,3963253]
[2024-11-29T02:31:58.038Z] 开始处理:[3963254,3963255,3963256,3963257,3963258]
[2024-11-29T02:31:58.212Z] 更新状态成功:[3963254,3963255,3963256,3963257,3963258]
[2024-11-29T02:31:58.233Z] 开始处理:[3963259,3963260,3963261,3963262,3963263]
[2024-11-29T02:31:58.350Z] 更新状态成功:[3963259,3963260,3963261,3963262,3963263]
[2024-11-29T02:31:58.375Z] 开始处理:[3963264,3963265,3963266,3963267,3963268]
[2024-11-29T02:31:58.515Z] 更新状态成功:[3963264,3963265,3963266,3963267,3963268]
[2024-11-29T02:31:58.532Z] 开始处理:[3963269,3963270,3963271,3963272,3963273]
[2024-11-29T02:31:58.648Z] 更新状态成功:[3963269,3963270,3963271,3963272,3963273]
[2024-11-29T02:31:58.666Z] 开始处理:[3963274,3963275,3963276,3963277,3963278]
[2024-11-29T02:31:58.784Z] 更新状态成功:[3963274,3963275,3963276,3963277,3963278]
[2024-11-29T02:31:58.804Z] 开始处理:[3963279,3963280,3963281,3963282,3963283]
[2024-11-29T02:31:58.929Z] 更新状态成功:[3963279,3963280,3963281,3963282,3963283]
[2024-11-29T02:31:58.946Z] 开始处理:[3963284,3963285,3963286,3963287,3963288]
[2024-11-29T02:31:59.102Z] 更新状态成功:[3963284,3963285,3963286,3963287,3963288]
[2024-11-29T02:31:59.124Z] 开始处理:[3963289,3963290,3963291,3963292,3963293]
[2024-11-29T02:31:59.270Z] 更新状态成功:[3963289,3963290,3963291,3963292,3963293]
[2024-11-29T02:31:59.286Z] 开始处理:[3963294,3963295,3963296,3963297,3963298]
[2024-11-29T02:31:59.421Z] 更新状态成功:[3963294,3963295,3963296,3963297,3963298]
[2024-11-29T02:31:59.442Z] 开始处理:[3963299,3963300,3963301,3963302,3963303]
[2024-11-29T02:31:59.706Z] 更新状态成功:[3963299,3963300,3963301,3963302,3963303]
[2024-11-29T02:31:59.734Z] 开始处理:[3963304,3963305,3963306,3963307,3963308]
[2024-11-29T02:31:59.910Z] 更新状态成功:[3963304,3963305,3963306,3963307,3963308]
[2024-11-29T02:31:59.930Z] 开始处理:[3963309,3963310,3963311,3963312,3963313]
[2024-11-29T02:32:00.057Z] 更新状态成功:[3963309,3963310,3963311,3963312,3963313]
[2024-11-29T02:32:00.075Z] 开始处理:[3963314,3963315,3963316,3963317,3963318]
[2024-11-29T02:32:00.259Z] 更新状态成功:[3963314,3963315,3963316,3963317,3963318]
[2024-11-29T02:32:00.278Z] 开始处理:[3963319,3963320,3963321,3963322,3963323]
[2024-11-29T02:32:00.425Z] 更新状态成功:[3963319,3963320,3963321,3963322,3963323]
[2024-11-29T02:32:00.445Z] 开始处理:[3963324,3963325,3963326,3963327,3963328]
[2024-11-29T02:32:00.581Z] 更新状态成功:[3963324,3963325,3963326,3963327,3963328]
[2024-11-29T02:32:00.600Z] 开始处理:[3963329,3963330,3963331,3963332,3963333]
[2024-11-29T02:32:00.732Z] 更新状态成功:[3963329,3963330,3963331,3963332,3963333]
[2024-11-29T02:32:00.751Z] 开始处理:[3963334,3963335,3963336,3963337,3963338]
[2024-11-29T02:32:00.872Z] 更新状态成功:[3963334,3963335,3963336,3963337,3963338]
[2024-11-29T02:32:00.889Z] 开始处理:[3963339,3963340,3963341,3963342,3963343]
[2024-11-29T02:32:01.000Z] 更新状态成功:[3963339,3963340,3963341,3963342,3963343]
[2024-11-29T02:32:01.017Z] 开始处理:[3963344,3963345,3963346,3963347,3963348]
[2024-11-29T02:32:01.125Z] 更新状态成功:[3963344,3963345,3963346,3963347,3963348]
[2024-11-29T02:32:01.142Z] 开始处理:[3963349,3963350,3963351,3963352,3963353]
[2024-11-29T02:32:01.275Z] 更新状态成功:[3963349,3963350,3963351,3963352,3963353]
[2024-11-29T02:32:01.294Z] 开始处理:[3963354,3963355,3963356,3963357,3963358]
[2024-11-29T02:32:01.405Z] 更新状态成功:[3963354,3963355,3963356,3963357,3963358]
[2024-11-29T02:32:01.424Z] 开始处理:[3963359,3963360,3963361,3963362,3963363]
[2024-11-29T02:32:01.538Z] 更新状态成功:[3963359,3963360,3963361,3963362,3963363]
[2024-11-29T02:32:01.558Z] 开始处理:[3963364,3963365,3963366,3963367,3963368]
[2024-11-29T02:32:01.670Z] 更新状态成功:[3963364,3963365,3963366,3963367,3963368]
[2024-11-29T02:32:01.690Z] 开始处理:[3963369,3963370,3963371,3963372,3963373]
[2024-11-29T02:32:01.799Z] 更新状态成功:[3963369,3963370,3963371,3963372,3963373]
[2024-11-29T02:32:01.816Z] 开始处理:[3963374,3963375,3963376,3963377,3963378]
[2024-11-29T02:32:01.997Z] 更新状态成功:[3963374,3963375,3963376,3963377,3963378]
[2024-11-29T02:32:02.014Z] 开始处理:[3963379,3963380,3963381,3963382,3963383]
[2024-11-29T02:32:02.135Z] 更新状态成功:[3963379,3963380,3963381,3963382,3963383]
[2024-11-29T02:32:02.150Z] 开始处理:[3963384,3963385,3963386,3963387,3963388]
[2024-11-29T02:32:02.258Z] 更新状态成功:[3963384,3963385,3963386,3963387,3963388]
[2024-11-29T02:32:02.277Z] 开始处理:[3963389,3963390,3963391,3963392,3963393]
[2024-11-29T02:32:02.385Z] 更新状态成功:[3963389,3963390,3963391,3963392,3963393]
[2024-11-29T02:32:02.405Z] 开始处理:[3963394,3963395,3963396,3963397,3963398]
[2024-11-29T02:32:02.514Z] 更新状态成功:[3963394,3963395,3963396,3963397,3963398]
[2024-11-29T02:32:02.531Z] 开始处理:[3963399,3963400,3963401,3963402,3963403]
[2024-11-29T02:32:02.642Z] 更新状态成功:[3963399,3963400,3963401,3963402,3963403]
[2024-11-29T02:32:02.658Z] 开始处理:[3963404,3963405,3963406,3963407,3963408]
[2024-11-29T02:32:02.760Z] 更新状态成功:[3963404,3963405,3963406,3963407,3963408]
[2024-11-29T02:32:02.775Z] 开始处理:[3963409,3963410,3963411,3963412,3963413]
[2024-11-29T02:32:02.876Z] 更新状态成功:[3963409,3963410,3963411,3963412,3963413]
[2024-11-29T02:32:02.894Z] 开始处理:[3963414,3963415,3963416,3963417,3963418]
[2024-11-29T02:32:03.013Z] 更新状态成功:[3963414,3963415,3963416,3963417,3963418]
[2024-11-29T02:32:03.033Z] 开始处理:[3963419,3963420,3963421,3963422,3963423]
[2024-11-29T02:32:03.149Z] 更新状态成功:[3963419,3963420,3963421,3963422,3963423]
[2024-11-29T02:32:03.171Z] 开始处理:[3963424,3963425,3963426,3963427,3963428]
[2024-11-29T02:32:03.386Z] 更新状态成功:[3963424,3963425,3963426,3963427,3963428]
[2024-11-29T02:32:03.412Z] 开始处理:[3963429,3963430,3963431,3963432,3963433]
[2024-11-29T02:32:03.530Z] 更新状态成功:[3963429,3963430,3963431,3963432,3963433]
[2024-11-29T02:32:03.546Z] 开始处理:[3963434,3963435,3963436,3963437,3963438]
[2024-11-29T02:32:03.644Z] 更新状态成功:[3963434,3963435,3963436,3963437,3963438]
[2024-11-29T02:32:03.662Z] 开始处理:[3963439,3963440,3963441,3963442,3963443]
[2024-11-29T02:32:03.816Z] 更新状态成功:[3963439,3963440,3963441,3963442,3963443]
[2024-11-29T02:32:03.835Z] 开始处理:[3963444,3963445,3963446,3963447,3963448]
[2024-11-29T02:32:03.948Z] 更新状态成功:[3963444,3963445,3963446,3963447,3963448]
[2024-11-29T02:32:03.965Z] 开始处理:[3963449,3963450,3963451,3963452,3963453]
[2024-11-29T02:32:04.074Z] 更新状态成功:[3963449,3963450,3963451,3963452,3963453]
[2024-11-29T02:32:04.095Z] 开始处理:[3963454,3963455,3963456,3963457,3963458]
[2024-11-29T02:32:04.202Z] 更新状态成功:[3963454,3963455,3963456,3963457,3963458]
[2024-11-29T02:32:04.228Z] 开始处理:[3963459,3963460,3963461,3963462,3963463]
[2024-11-29T02:32:04.345Z] 更新状态成功:[3963459,3963460,3963461,3963462,3963463]
[2024-11-29T02:32:04.361Z] 开始处理:[3963464,3963465,3963466,3963467,3963468]
[2024-11-29T02:32:04.471Z] 更新状态成功:[3963464,3963465,3963466,3963467,3963468]
[2024-11-29T02:32:04.500Z] 开始处理:[3963469,3963470,3963471,3963472,3963473]
[2024-11-29T02:32:04.620Z] 更新状态成功:[3963469,3963470,3963471,3963472,3963473]
[2024-11-29T02:32:04.642Z] 开始处理:[3963474,3963475,3963476,3963477,3963478]
[2024-11-29T02:32:04.770Z] 更新状态成功:[3963474,3963475,3963476,3963477,3963478]
[2024-11-29T02:32:04.790Z] 开始处理:[3963479,3963480,3963481,3963482,3963483]
[2024-11-29T02:32:04.914Z] 更新状态成功:[3963479,3963480,3963481,3963482,3963483]
[2024-11-29T02:32:04.933Z] 开始处理:[3963484,3963485,3963486,3963487,3963488]
[2024-11-29T02:32:05.032Z] 更新状态成功:[3963484,3963485,3963486,3963487,3963488]
[2024-11-29T02:32:05.047Z] 开始处理:[3963489,3963490,3963491,3963492,3963493]
[2024-11-29T02:32:05.160Z] 更新状态成功:[3963489,3963490,3963491,3963492,3963493]
[2024-11-29T02:32:05.179Z] 开始处理:[3963494,3963495,3963496,3963497,3963498]
[2024-11-29T02:32:05.298Z] 更新状态成功:[3963494,3963495,3963496,3963497,3963498]
[2024-11-29T02:32:05.314Z] 开始处理:[3963499,3963500,3963501,3963502,3963503]
[2024-11-29T02:32:05.436Z] 更新状态成功:[3963499,3963500,3963501,3963502,3963503]
[2024-11-29T02:32:05.458Z] 开始处理:[3963504,3963505,3963506,3963507,3963508]
[2024-11-29T02:32:05.582Z] 更新状态成功:[3963504,3963505,3963506,3963507,3963508]
[2024-11-29T02:32:05.599Z] 开始处理:[3963509,3963510,3963511,3963512,3963513]
[2024-11-29T02:32:05.703Z] 更新状态成功:[3963509,3963510,3963511,3963512,3963513]
[2024-11-29T02:32:05.718Z] 开始处理:[3963514,3963515,3963516,3963517,3963518]
[2024-11-29T02:32:05.850Z] 更新状态成功:[3963514,3963515,3963516,3963517,3963518]
[2024-11-29T02:32:05.877Z] 开始处理:[3963519,3963520,3963521,3963522,3963523]
[2024-11-29T02:32:06.015Z] 更新状态成功:[3963519,3963520,3963521,3963522,3963523]
[2024-11-29T02:32:06.034Z] 开始处理:[3963524,3963525,3963526,3963527,3963528]
[2024-11-29T02:32:06.160Z] 更新状态成功:[3963524,3963525,3963526,3963527,3963528]
[2024-11-29T02:32:06.186Z] 开始处理:[3963529,3963530,3963531,3963532,3963533]
[2024-11-29T02:32:06.291Z] 更新状态成功:[3963529,3963530,3963531,3963532,3963533]
[2024-11-29T02:32:06.309Z] 开始处理:[3963534,3963535,3963536,3963537,3963538]
[2024-11-29T02:32:06.422Z] 更新状态成功:[3963534,3963535,3963536,3963537,3963538]
[2024-11-29T02:32:06.443Z] 开始处理:[3963539,3963540,3963541,3963542,3963543]
[2024-11-29T02:32:06.617Z] 更新状态成功:[3963539,3963540,3963541,3963542,3963543]
[2024-11-29T02:32:06.643Z] 开始处理:[3963544,3963545,3963546,3963547,3963548]
[2024-11-29T02:32:06.765Z] 更新状态成功:[3963544,3963545,3963546,3963547,3963548]
[2024-11-29T02:32:06.789Z] 开始处理:[3963549,3963550,3963551,3963552,3963553]
[2024-11-29T02:32:06.957Z] 更新状态成功:[3963549,3963550,3963551,3963552,3963553]
[2024-11-29T02:32:06.979Z] 开始处理:[3963554,3963555,3963556,3963557,3963558]
[2024-11-29T02:32:07.167Z] 更新状态成功:[3963554,3963555,3963556,3963557,3963558]
[2024-11-29T02:32:07.187Z] 开始处理:[3963559,3963560,3963561,3963562,3963563]
[2024-11-29T02:32:07.325Z] 更新状态成功:[3963559,3963560,3963561,3963562,3963563]
[2024-11-29T02:32:07.342Z] 开始处理:[3963564,3963565,3963566,3963567,3963568]
[2024-11-29T02:32:07.458Z] 更新状态成功:[3963564,3963565,3963566,3963567,3963568]
[2024-11-29T02:32:07.475Z] 开始处理:[3963569,3963570,3963571,3963572,3963573]
[2024-11-29T02:32:07.579Z] 更新状态成功:[3963569,3963570,3963571,3963572,3963573]
[2024-11-29T02:32:07.596Z] 开始处理:[3963574,3963575,3963576,3963577,3963578]
[2024-11-29T02:32:07.706Z] 更新状态成功:[3963574,3963575,3963576,3963577,3963578]
[2024-11-29T02:32:07.726Z] 开始处理:[3963579,3963580,3963581,3963582,3963583]
[2024-11-29T02:32:07.831Z] 更新状态成功:[3963579,3963580,3963581,3963582,3963583]
[2024-11-29T02:32:07.849Z] 开始处理:[3963584,3963585,3963586,3963587,3963588]
[2024-11-29T02:32:07.959Z] 更新状态成功:[3963584,3963585,3963586,3963587,3963588]
[2024-11-29T02:32:07.981Z] 开始处理:[3963589,3963590,3963591,3963592,3963593]
[2024-11-29T02:32:08.108Z] 更新状态成功:[3963589,3963590,3963591,3963592,3963593]
[2024-11-29T02:32:08.129Z] 开始处理:[3963594,3963595,3963596,3963597,3963598]
[2024-11-29T02:32:08.243Z] 更新状态成功:[3963594,3963595,3963596,3963597,3963598]
[2024-11-29T02:32:08.264Z] 开始处理:[3963599,3963600,3963601,3963602,3963603]
[2024-11-29T02:32:08.380Z] 更新状态成功:[3963599,3963600,3963601,3963602,3963603]
[2024-11-29T02:32:08.398Z] 开始处理:[3963604,3963605,3963606,3963607,3963608]
[2024-11-29T02:32:08.511Z] 更新状态成功:[3963604,3963605,3963606,3963607,3963608]
[2024-11-29T02:32:08.527Z] 开始处理:[3963609,3963610,3963611,3963612,3963613]
[2024-11-29T02:32:08.641Z] 更新状态成功:[3963609,3963610,3963611,3963612,3963613]
[2024-11-29T02:32:08.661Z] 开始处理:[3963614,3963615,3963616,3963617,3963618]
[2024-11-29T02:32:08.778Z] 更新状态成功:[3963614,3963615,3963616,3963617,3963618]
[2024-11-29T02:32:08.796Z] 开始处理:[3963619,3963620,3963621,3963622,3963623]
[2024-11-29T02:32:08.914Z] 更新状态成功:[3963619,3963620,3963621,3963622,3963623]
[2024-11-29T02:32:08.932Z] 开始处理:[3963624,3963625,3963626,3963627,3963628]
[2024-11-29T02:32:09.047Z] 更新状态成功:[3963624,3963625,3963626,3963627,3963628]
[2024-11-29T02:32:09.069Z] 开始处理:[3963629,3963630,3963631,3963632,3963633]
[2024-11-29T02:32:09.174Z] 更新状态成功:[3963629,3963630,3963631,3963632,3963633]
[2024-11-29T02:32:09.206Z] 开始处理:[3963634,3963635,3963636,3963637,3963638]
[2024-11-29T02:32:09.373Z] 更新状态成功:[3963634,3963635,3963636,3963637,3963638]
[2024-11-29T02:32:09.390Z] 开始处理:[3963639,3963640,3963641,3963642,3963643]
[2024-11-29T02:32:09.499Z] 更新状态成功:[3963639,3963640,3963641,3963642,3963643]
[2024-11-29T02:32:09.520Z] 开始处理:[3963644,3963645,3963646,3963647,3963648]
[2024-11-29T02:32:09.630Z] 更新状态成功:[3963644,3963645,3963646,3963647,3963648]
[2024-11-29T02:32:09.648Z] 开始处理:[3963649,3963650,3963651,3963652,3963653]
[2024-11-29T02:32:09.765Z] 更新状态成功:[3963649,3963650,3963651,3963652,3963653]
[2024-11-29T02:32:09.782Z] 开始处理:[3963654,3963655,3963656,3963657,3963658]
[2024-11-29T02:32:09.891Z] 更新状态成功:[3963654,3963655,3963656,3963657,3963658]
[2024-11-29T02:32:09.910Z] 开始处理:[3963659,3963660,3963661,3963662,3963663]
[2024-11-29T02:32:10.020Z] 更新状态成功:[3963659,3963660,3963661,3963662,3963663]
[2024-11-29T02:32:10.039Z] 开始处理:[3963664,3963665,3963666,3963667,3963668]
[2024-11-29T02:32:10.151Z] 更新状态成功:[3963664,3963665,3963666,3963667,3963668]
[2024-11-29T02:32:10.167Z] 开始处理:[3963669,3963670,3963671,3963672,3963673]
[2024-11-29T02:32:10.277Z] 更新状态成功:[3963669,3963670,3963671,3963672,3963673]
[2024-11-29T02:32:10.295Z] 开始处理:[3963674,3963675,3963676,3963677,3963678]
[2024-11-29T02:32:10.469Z] 更新状态成功:[3963674,3963675,3963676,3963677,3963678]
[2024-11-29T02:32:10.484Z] 开始处理:[3963679,3963680,3963681,3963682,3963683]
[2024-11-29T02:32:10.591Z] 更新状态成功:[3963679,3963680,3963681,3963682,3963683]
[2024-11-29T02:32:10.604Z] 开始处理:[3963684,3963685,3963686,3963687,3963688]
[2024-11-29T02:32:10.712Z] 更新状态成功:[3963684,3963685,3963686,3963687,3963688]
[2024-11-29T02:32:10.731Z] 开始处理:[3963689,3963690,3963691,3963692,3963693]
[2024-11-29T02:32:10.853Z] 更新状态成功:[3963689,3963690,3963691,3963692,3963693]
[2024-11-29T02:32:10.870Z] 开始处理:[3963694,3963695,3963696,3963697,3963698]
[2024-11-29T02:32:10.981Z] 更新状态成功:[3963694,3963695,3963696,3963697,3963698]
[2024-11-29T02:32:10.999Z] 开始处理:[3963699,3963700,3963701,3963702,3963703]
[2024-11-29T02:32:11.139Z] 更新状态成功:[3963699,3963700,3963701,3963702,3963703]
[2024-11-29T02:32:11.159Z] 开始处理:[3963704,3963705,3963706,3963707,3963708]
[2024-11-29T02:32:11.266Z] 更新状态成功:[3963704,3963705,3963706,3963707,3963708]
[2024-11-29T02:32:11.283Z] 开始处理:[3963709,3963710,3963711,3963712,3963713]
[2024-11-29T02:32:11.399Z] 更新状态成功:[3963709,3963710,3963711,3963712,3963713]
[2024-11-29T02:32:11.417Z] 开始处理:[3963714,3963715,3963716,3963717,3963718]
[2024-11-29T02:32:11.529Z] 更新状态成功:[3963714,3963715,3963716,3963717,3963718]
[2024-11-29T02:32:11.545Z] 开始处理:[3963719,3963720,3963721,3963722,3963723]
[2024-11-29T02:32:11.709Z] 更新状态成功:[3963719,3963720,3963721,3963722,3963723]
[2024-11-29T02:32:11.726Z] 开始处理:[3963724,3963725,3963726,3963727,3963728]
[2024-11-29T02:32:11.914Z] 更新状态成功:[3963724,3963725,3963726,3963727,3963728]
[2024-11-29T02:32:11.930Z] 开始处理:[3963729,3963730,3963731,3963732,3963733]
[2024-11-29T02:32:12.047Z] 更新状态成功:[3963729,3963730,3963731,3963732,3963733]
[2024-11-29T02:32:12.066Z] 开始处理:[3963734,3963735,3963736,3963737,3963738]
[2024-11-29T02:32:12.221Z] 更新状态成功:[3963734,3963735,3963736,3963737,3963738]
[2024-11-29T02:32:12.239Z] 开始处理:[3963739,3963740,3963741,3963742,3963743]
[2024-11-29T02:32:12.350Z] 更新状态成功:[3963739,3963740,3963741,3963742,3963743]
[2024-11-29T02:32:12.366Z] 开始处理:[3963744,3963745,3963746,3963747,3963748]
[2024-11-29T02:32:12.525Z] 更新状态成功:[3963744,3963745,3963746,3963747,3963748]
[2024-11-29T02:32:12.542Z] 开始处理:[3963749,3963750,3963751,3963752,3963753]
[2024-11-29T02:32:12.651Z] 更新状态成功:[3963749,3963750,3963751,3963752,3963753]
[2024-11-29T02:32:12.666Z] 开始处理:[3963754,3963755,3963756,3963757,3963758]
[2024-11-29T02:32:12.769Z] 更新状态成功:[3963754,3963755,3963756,3963757,3963758]
[2024-11-29T02:32:12.790Z] 开始处理:[3963759,3963760,3963761,3963762,3963763]
[2024-11-29T02:32:12.899Z] 更新状态成功:[3963759,3963760,3963761,3963762,3963763]
[2024-11-29T02:32:12.915Z] 开始处理:[3963764,3963765,3963766,3963767,3963768]
[2024-11-29T02:32:13.023Z] 更新状态成功:[3963764,3963765,3963766,3963767,3963768]
[2024-11-29T02:32:13.040Z] 开始处理:[3963769,3963770,3963771,3963772,3963773]
[2024-11-29T02:32:13.254Z] 更新状态成功:[3963769,3963770,3963771,3963772,3963773]
[2024-11-29T02:32:13.271Z] 开始处理:[3963774,3963775,3963776,3963777,3963778]
[2024-11-29T02:32:13.380Z] 更新状态成功:[3963774,3963775,3963776,3963777,3963778]
[2024-11-29T02:32:13.401Z] 开始处理:[3963779,3963780,3963781,3963782,3963783]
[2024-11-29T02:32:13.513Z] 更新状态成功:[3963779,3963780,3963781,3963782,3963783]
[2024-11-29T02:32:13.531Z] 开始处理:[3963784,3963785,3963786,3963787,3963788]
[2024-11-29T02:32:13.652Z] 更新状态成功:[3963784,3963785,3963786,3963787,3963788]
[2024-11-29T02:32:13.678Z] 开始处理:[3963789,3963790,3963791,3963792,3963793]
[2024-11-29T02:32:13.780Z] 更新状态成功:[3963789,3963790,3963791,3963792,3963793]
[2024-11-29T02:32:13.798Z] 开始处理:[3963794,3963795,3963796,3963797,3963798]
[2024-11-29T02:32:13.918Z] 更新状态成功:[3963794,3963795,3963796,3963797,3963798]
[2024-11-29T02:32:13.939Z] 开始处理:[3963799,3963800,3963801,3963802,3963803]
[2024-11-29T02:32:14.084Z] 更新状态成功:[3963799,3963800,3963801,3963802,3963803]
[2024-11-29T02:32:14.101Z] 开始处理:[3963804,3963805,3963806,3963807,3963808]
[2024-11-29T02:32:14.227Z] 更新状态成功:[3963804,3963805,3963806,3963807,3963808]
[2024-11-29T02:32:14.245Z] 开始处理:[3963809,3963810,3963811,3963812,3963813]
[2024-11-29T02:32:14.361Z] 更新状态成功:[3963809,3963810,3963811,3963812,3963813]
[2024-11-29T02:32:14.385Z] 开始处理:[3963814,3963815,3963816,3963817,3963818]
[2024-11-29T02:32:14.492Z] 更新状态成功:[3963814,3963815,3963816,3963817,3963818]
[2024-11-29T02:32:14.510Z] 开始处理:[3963819,3963820,3963821,3963822,3963823]
[2024-11-29T02:32:14.628Z] 更新状态成功:[3963819,3963820,3963821,3963822,3963823]
[2024-11-29T02:32:14.645Z] 开始处理:[3963824,3963825,3963826,3963827,3963828]
[2024-11-29T02:32:14.760Z] 更新状态成功:[3963824,3963825,3963826,3963827,3963828]
[2024-11-29T02:32:14.775Z] 开始处理:[3963829,3963830,3963831,3963832,3963833]
[2024-11-29T02:32:14.938Z] 更新状态成功:[3963829,3963830,3963831,3963832,3963833]
[2024-11-29T02:32:14.955Z] 开始处理:[3963834,3963835,3963836,3963837,3963838]
[2024-11-29T02:32:15.087Z] 更新状态成功:[3963834,3963835,3963836,3963837,3963838]
[2024-11-29T02:32:15.105Z] 开始处理:[3963839,3963840,3963841,3963842,3963843]
[2024-11-29T02:32:15.234Z] 更新状态成功:[3963839,3963840,3963841,3963842,3963843]
[2024-11-29T02:32:15.253Z] 开始处理:[3963844,3963845,3963846,3963847,3963848]
[2024-11-29T02:32:15.396Z] 更新状态成功:[3963844,3963845,3963846,3963847,3963848]
[2024-11-29T02:32:15.414Z] 开始处理:[3963849,3963850,3963851,3963852,3963853]
[2024-11-29T02:32:15.525Z] 更新状态成功:[3963849,3963850,3963851,3963852,3963853]
[2024-11-29T02:32:15.552Z] 开始处理:[3963854,3963855,3963856,3963857,3963858]
[2024-11-29T02:32:15.669Z] 更新状态成功:[3963854,3963855,3963856,3963857,3963858]
[2024-11-29T02:32:15.688Z] 开始处理:[3963859,3963860,3963861,3963862,3963863]
[2024-11-29T02:32:15.795Z] 更新状态成功:[3963859,3963860,3963861,3963862,3963863]
[2024-11-29T02:32:15.823Z] 开始处理:[3963864,3963865,3963866,3963867,3963868]
[2024-11-29T02:32:16.361Z] 更新状态成功:[3963864,3963865,3963866,3963867,3963868]
[2024-11-29T02:32:16.380Z] 开始处理:[3963869,3963870,3963871,3963872,3963873]
[2024-11-29T02:32:16.498Z] 更新状态成功:[3963869,3963870,3963871,3963872,3963873]
[2024-11-29T02:32:16.515Z] 开始处理:[3963874,3963875,3963876,3963877,3963878]
[2024-11-29T02:32:16.634Z] 更新状态成功:[3963874,3963875,3963876,3963877,3963878]
[2024-11-29T02:32:16.652Z] 开始处理:[3963879,3963880,3963881,3963882,3963883]
[2024-11-29T02:32:16.813Z] 更新状态成功:[3963879,3963880,3963881,3963882,3963883]
[2024-11-29T02:32:16.835Z] 开始处理:[3963884,3963885,3963886,3963887,3963888]
[2024-11-29T02:32:16.954Z] 更新状态成功:[3963884,3963885,3963886,3963887,3963888]
[2024-11-29T02:32:16.971Z] 开始处理:[3963889,3963890,3963891,3963892,3963893]
[2024-11-29T02:32:17.090Z] 更新状态成功:[3963889,3963890,3963891,3963892,3963893]
[2024-11-29T02:32:17.109Z] 开始处理:[3963894,3963895,3963896,3963897,3963898]
[2024-11-29T02:32:17.241Z] 更新状态成功:[3963894,3963895,3963896,3963897,3963898]
[2024-11-29T02:32:17.259Z] 开始处理:[3963899,3963900,3963901,3963902,3963903]
[2024-11-29T02:32:17.375Z] 更新状态成功:[3963899,3963900,3963901,3963902,3963903]
[2024-11-29T02:32:17.431Z] 开始处理:[3963904,3963905,3963906,3963907,3963908]
[2024-11-29T02:32:17.578Z] 更新状态成功:[3963904,3963905,3963906,3963907,3963908]
[2024-11-29T02:32:17.614Z] 开始处理:[3963909,3963910,3963911,3963912,3963913]
[2024-11-29T02:32:17.741Z] 更新状态成功:[3963909,3963910,3963911,3963912,3963913]
[2024-11-29T02:32:17.759Z] 开始处理:[3963914,3963915,3963916,3963917,3963918]
[2024-11-29T02:32:17.871Z] 更新状态成功:[3963914,3963915,3963916,3963917,3963918]
[2024-11-29T02:32:17.889Z] 开始处理:[3963919,3963920,3963921,3963922,3963923]
[2024-11-29T02:32:18.007Z] 更新状态成功:[3963919,3963920,3963921,3963922,3963923]
[2024-11-29T02:32:18.030Z] 开始处理:[3963924,3963925,3963926,3963927,3963928]
[2024-11-29T02:32:18.154Z] 更新状态成功:[3963924,3963925,3963926,3963927,3963928]
[2024-11-29T02:32:18.176Z] 开始处理:[3963929,3963930,3963931,3963932,3963933]
[2024-11-29T02:32:18.304Z] 更新状态成功:[3963929,3963930,3963931,3963932,3963933]
[2024-11-29T02:32:18.332Z] 开始处理:[3963934,3963935,3963936,3963937,3963938]
[2024-11-29T02:32:18.444Z] 更新状态成功:[3963934,3963935,3963936,3963937,3963938]
[2024-11-29T02:32:18.475Z] 开始处理:[3963939,3963940,3963941,3963942,3963943]
[2024-11-29T02:32:18.686Z] 更新状态成功:[3963939,3963940,3963941,3963942,3963943]
[2024-11-29T02:32:18.704Z] 开始处理:[3963944,3963945,3963946,3963947,3963948]
[2024-11-29T02:32:18.819Z] 更新状态成功:[3963944,3963945,3963946,3963947,3963948]
[2024-11-29T02:32:18.835Z] 开始处理:[3963949,3963950,3963951,3963952,3963953]
[2024-11-29T02:32:18.953Z] 更新状态成功:[3963949,3963950,3963951,3963952,3963953]
[2024-11-29T02:32:18.971Z] 开始处理:[3963954,3963955,3963956,3963957,3963958]
[2024-11-29T02:32:19.096Z] 更新状态成功:[3963954,3963955,3963956,3963957,3963958]
[2024-11-29T02:32:19.120Z] 开始处理:[3963959,3963960,3963961,3963962,3963963]
[2024-11-29T02:32:19.249Z] 更新状态成功:[3963959,3963960,3963961,3963962,3963963]
[2024-11-29T02:32:19.266Z] 开始处理:[3963964,3963965,3963966,3963967,3963968]
[2024-11-29T02:32:19.382Z] 更新状态成功:[3963964,3963965,3963966,3963967,3963968]
[2024-11-29T02:32:19.398Z] 开始处理:[3963969,3963970,3963971,3963972,3963973]
[2024-11-29T02:32:19.511Z] 更新状态成功:[3963969,3963970,3963971,3963972,3963973]
[2024-11-29T02:32:19.530Z] 开始处理:[3963974,3963975,3963976,3963977,3963978]
[2024-11-29T02:32:19.641Z] 更新状态成功:[3963974,3963975,3963976,3963977,3963978]
[2024-11-29T02:32:19.661Z] 开始处理:[3963979,3963980,3963981,3963982,3963983]
[2024-11-29T02:32:19.775Z] 更新状态成功:[3963979,3963980,3963981,3963982,3963983]
[2024-11-29T02:32:19.795Z] 开始处理:[3963984,3963985,3963986,3963987,3963988]
[2024-11-29T02:32:19.910Z] 更新状态成功:[3963984,3963985,3963986,3963987,3963988]
[2024-11-29T02:32:19.927Z] 开始处理:[3963989,3963990,3963991,3963992,3963993]
[2024-11-29T02:32:20.037Z] 更新状态成功:[3963989,3963990,3963991,3963992,3963993]
[2024-11-29T02:32:20.055Z] 开始处理:[3963994,3963995,3963996,3963997,3963998]
[2024-11-29T02:32:20.167Z] 更新状态成功:[3963994,3963995,3963996,3963997,3963998]
[2024-11-29T02:32:20.184Z] 开始处理:[3963999,3964000,3964001,3964002,3964003]
[2024-11-29T02:32:20.299Z] 更新状态成功:[3963999,3964000,3964001,3964002,3964003]
[2024-11-29T02:32:20.314Z] 开始处理:[3964004,3964005,3964006,3964007,3964008]
[2024-11-29T02:32:20.418Z] 更新状态成功:[3964004,3964005,3964006,3964007,3964008]
[2024-11-29T02:32:20.438Z] 开始处理:[3964009,3964010,3964011,3964012,3964013]
[2024-11-29T02:32:20.559Z] 更新状态成功:[3964009,3964010,3964011,3964012,3964013]
[2024-11-29T02:32:20.579Z] 开始处理:[3964014,3964015,3964016,3964017,3964018]
[2024-11-29T02:32:20.695Z] 更新状态成功:[3964014,3964015,3964016,3964017,3964018]
[2024-11-29T02:32:20.714Z] 开始处理:[3964019,1759941,1759942,1759943,1759944]
[2024-11-29T02:32:20.823Z] 更新状态成功:[3964019,1759941,1759942,1759943,1759944]
[2024-11-29T02:32:20.837Z] 开始处理:[1759945,1759946,1761055,1761056,1761057]
[2024-11-29T02:32:20.938Z] 更新状态成功:[1759945,1759946,1761055,1761056,1761057]
[2024-11-29T02:32:20.954Z] 开始处理:[1761058,1761059,3964020,3964021,3964022]
[2024-11-29T02:32:21.065Z] 更新状态成功:[1761058,1761059,3964020,3964021,3964022]
[2024-11-29T02:32:21.083Z] 开始处理:[3964023,3964024,3964025,3964026,3964027]
[2024-11-29T02:32:21.200Z] 更新状态成功:[3964023,3964024,3964025,3964026,3964027]
[2024-11-29T02:32:21.215Z] 开始处理:[3964028,3964029,3964030,3964031,3964032]
[2024-11-29T02:32:21.322Z] 更新状态成功:[3964028,3964029,3964030,3964031,3964032]
[2024-11-29T02:32:21.344Z] 开始处理:[3964033,3964034,3964035,3964036,3964037]
[2024-11-29T02:32:21.453Z] 更新状态成功:[3964033,3964034,3964035,3964036,3964037]
[2024-11-29T02:32:21.470Z] 开始处理:[3964038,3964039,3964040,3964041,3964042]
[2024-11-29T02:32:21.576Z] 更新状态成功:[3964038,3964039,3964040,3964041,3964042]
[2024-11-29T02:32:21.594Z] 开始处理:[3964043,3964044,3964045,3964046,3964047]
[2024-11-29T02:32:21.715Z] 更新状态成功:[3964043,3964044,3964045,3964046,3964047]
[2024-11-29T02:32:21.730Z] 开始处理:[3964048,3964049,3964050,3964051,3964052]
[2024-11-29T02:32:21.864Z] 更新状态成功:[3964048,3964049,3964050,3964051,3964052]
[2024-11-29T02:32:21.946Z] 开始处理:[3964053,3964054,3964055,3964056,3964057]
[2024-11-29T02:32:22.059Z] 更新状态成功:[3964053,3964054,3964055,3964056,3964057]
[2024-11-29T02:32:22.075Z] 开始处理:[3964058,3964059,3964060,3964061,3964062]
[2024-11-29T02:32:22.188Z] 更新状态成功:[3964058,3964059,3964060,3964061,3964062]
[2024-11-29T02:32:22.206Z] 开始处理:[3964063,3964064,3964065,3964066,3964067]
[2024-11-29T02:32:22.315Z] 更新状态成功:[3964063,3964064,3964065,3964066,3964067]
[2024-11-29T02:32:22.332Z] 开始处理:[3964068,3964069,3964070,3964071,3964072]
[2024-11-29T02:32:22.449Z] 更新状态成功:[3964068,3964069,3964070,3964071,3964072]
[2024-11-29T02:32:22.466Z] 开始处理:[3964073,3964074,3964075,3964076,3964077]
[2024-11-29T02:32:22.568Z] 更新状态成功:[3964073,3964074,3964075,3964076,3964077]
[2024-11-29T02:32:22.585Z] 开始处理:[3964078,3964079,3964080,3964081,3964082]
[2024-11-29T02:32:22.696Z] 更新状态成功:[3964078,3964079,3964080,3964081,3964082]
[2024-11-29T02:32:22.714Z] 开始处理:[3964083,3964084,3964085,3964086,3964087]
[2024-11-29T02:32:22.831Z] 更新状态成功:[3964083,3964084,3964085,3964086,3964087]
[2024-11-29T02:32:22.850Z] 开始处理:[3964088,3964089,3964090,3964091,3964092]
[2024-11-29T02:32:23.031Z] 更新状态成功:[3964088,3964089,3964090,3964091,3964092]
[2024-11-29T02:32:23.052Z] 开始处理:[3964093,3964094,3964095,3964096,3964097]
[2024-11-29T02:32:23.166Z] 更新状态成功:[3964093,3964094,3964095,3964096,3964097]
[2024-11-29T02:32:23.183Z] 开始处理:[3964098,3964099,3964100,3964101,3964102]
[2024-11-29T02:32:23.296Z] 更新状态成功:[3964098,3964099,3964100,3964101,3964102]
[2024-11-29T02:32:23.314Z] 开始处理:[3964103,3964104,3964105,3964106,3964107]
[2024-11-29T02:32:23.426Z] 更新状态成功:[3964103,3964104,3964105,3964106,3964107]
[2024-11-29T02:32:23.443Z] 开始处理:[3964108,3964109,3964110,3964111,3964112]
[2024-11-29T02:32:23.564Z] 更新状态成功:[3964108,3964109,3964110,3964111,3964112]
[2024-11-29T02:32:23.584Z] 开始处理:[3964113,3964114,3964115,3964116,3964117]
[2024-11-29T02:32:23.761Z] 更新状态成功:[3964113,3964114,3964115,3964116,3964117]
[2024-11-29T02:32:23.777Z] 开始处理:[3964118,3964119,3964120,3964121,3964122]
[2024-11-29T02:32:23.902Z] 更新状态成功:[3964118,3964119,3964120,3964121,3964122]
[2024-11-29T02:32:23.919Z] 开始处理:[3964123,3964124,3964125,3964126,3964127]
[2024-11-29T02:32:24.036Z] 更新状态成功:[3964123,3964124,3964125,3964126,3964127]
[2024-11-29T02:32:24.053Z] 开始处理:[3964128,3964129,3964130,3964131,3964132]
[2024-11-29T02:32:24.160Z] 更新状态成功:[3964128,3964129,3964130,3964131,3964132]
[2024-11-29T02:32:24.176Z] 开始处理:[3964133,3964134,3964135,3964136,3964137]
[2024-11-29T02:32:24.294Z] 更新状态成功:[3964133,3964134,3964135,3964136,3964137]
[2024-11-29T02:32:24.312Z] 开始处理:[3964138,3964139,3964140,3964141,3964142]
[2024-11-29T02:32:24.426Z] 更新状态成功:[3964138,3964139,3964140,3964141,3964142]
[2024-11-29T02:32:24.445Z] 开始处理:[3964143,3964144,3964145,3964146,3964147]
[2024-11-29T02:32:24.553Z] 更新状态成功:[3964143,3964144,3964145,3964146,3964147]
[2024-11-29T02:32:24.570Z] 开始处理:[3964148,3964149,3964150,3964151,3964152]
[2024-11-29T02:32:24.675Z] 更新状态成功:[3964148,3964149,3964150,3964151,3964152]
[2024-11-29T02:32:24.691Z] 开始处理:[3964153,3964154,3964155,3964156,3964157]
[2024-11-29T02:32:24.804Z] 更新状态成功:[3964153,3964154,3964155,3964156,3964157]
[2024-11-29T02:32:24.822Z] 开始处理:[3964158,3964159,3964160,3964161,3964162]
[2024-11-29T02:32:24.931Z] 更新状态成功:[3964158,3964159,3964160,3964161,3964162]
[2024-11-29T02:32:24.948Z] 开始处理:[3964163,3964164,3964165,3964166,3964167]
[2024-11-29T02:32:25.065Z] 更新状态成功:[3964163,3964164,3964165,3964166,3964167]
[2024-11-29T02:32:25.095Z] 开始处理:[3964168,3964169,3964170,3964171,3964172]
[2024-11-29T02:32:25.211Z] 更新状态成功:[3964168,3964169,3964170,3964171,3964172]
[2024-11-29T02:32:25.228Z] 开始处理:[3964173,3964174,3964175,3964176,3964177]
[2024-11-29T02:32:25.344Z] 更新状态成功:[3964173,3964174,3964175,3964176,3964177]
[2024-11-29T02:32:25.362Z] 开始处理:[3964178,3964179,3964180,3964181,3964182]
[2024-11-29T02:32:25.467Z] 更新状态成功:[3964178,3964179,3964180,3964181,3964182]
[2024-11-29T02:32:25.484Z] 开始处理:[3964183,3964184,3964185,3964186,3964187]
[2024-11-29T02:32:25.603Z] 更新状态成功:[3964183,3964184,3964185,3964186,3964187]
[2024-11-29T02:32:25.619Z] 开始处理:[3964188,3964189,3964190,3964191,3964192]
[2024-11-29T02:32:25.729Z] 更新状态成功:[3964188,3964189,3964190,3964191,3964192]
[2024-11-29T02:32:25.748Z] 开始处理:[3964193,3964194,3964195,3964196,3964197]
[2024-11-29T02:32:25.866Z] 更新状态成功:[3964193,3964194,3964195,3964196,3964197]
[2024-11-29T02:32:25.891Z] 开始处理:[3964198,3964199,3964200,3964201,3964202]
[2024-11-29T02:32:25.994Z] 更新状态成功:[3964198,3964199,3964200,3964201,3964202]
[2024-11-29T02:32:26.011Z] 开始处理:[3964203,3964204,3964205,3964206,3964207]
[2024-11-29T02:32:26.129Z] 更新状态成功:[3964203,3964204,3964205,3964206,3964207]
[2024-11-29T02:32:26.143Z] 开始处理:[3964208,3964209,3964210,3964211,3964212]
[2024-11-29T02:32:26.250Z] 更新状态成功:[3964208,3964209,3964210,3964211,3964212]
[2024-11-29T02:32:26.270Z] 开始处理:[3964213,3964214,3964215,3964216,3964217]
[2024-11-29T02:32:26.397Z] 更新状态成功:[3964213,3964214,3964215,3964216,3964217]
[2024-11-29T02:32:26.414Z] 开始处理:[3964218,3964219,3964220,3964221,3964222]
[2024-11-29T02:32:26.551Z] 更新状态成功:[3964218,3964219,3964220,3964221,3964222]
[2024-11-29T02:32:26.568Z] 开始处理:[3964223,3964224,3964225,3964226,3964227]
[2024-11-29T02:32:27.034Z] 更新状态成功:[3964223,3964224,3964225,3964226,3964227]
[2024-11-29T02:32:27.054Z] 开始处理:[3964228,3964229,3964230,3964231,3964232]
[2024-11-29T02:32:27.182Z] 更新状态成功:[3964228,3964229,3964230,3964231,3964232]
[2024-11-29T02:32:27.200Z] 开始处理:[3964233,3964234,3964235,3964236,3964237]
[2024-11-29T02:32:27.362Z] 更新状态成功:[3964233,3964234,3964235,3964236,3964237]
[2024-11-29T02:32:27.380Z] 开始处理:[3964238,3964239,3964240,3964241,3964242]
[2024-11-29T02:32:27.492Z] 更新状态成功:[3964238,3964239,3964240,3964241,3964242]
[2024-11-29T02:32:27.511Z] 开始处理:[3964243,3964244,3964245,3964246,3964247]
[2024-11-29T02:32:27.612Z] 更新状态成功:[3964243,3964244,3964245,3964246,3964247]
[2024-11-29T02:32:27.644Z] 开始处理:[3964248,3964249,3964250,3964251,3964252]
[2024-11-29T02:32:27.759Z] 更新状态成功:[3964248,3964249,3964250,3964251,3964252]
[2024-11-29T02:32:27.776Z] 开始处理:[3964253,3964254,3964255,3964256,3964257]
[2024-11-29T02:32:27.994Z] 更新状态成功:[3964253,3964254,3964255,3964256,3964257]
[2024-11-29T02:32:28.011Z] 开始处理:[3964258,3964259,3964260,3964261,3964262]
[2024-11-29T02:32:28.109Z] 更新状态成功:[3964258,3964259,3964260,3964261,3964262]
[2024-11-29T02:32:28.124Z] 开始处理:[3964263,3964264,3964265,3964266,3964267]
[2024-11-29T02:32:28.224Z] 更新状态成功:[3964263,3964264,3964265,3964266,3964267]
[2024-11-29T02:32:28.247Z] 开始处理:[3964268,3964269,3964270,3964271,3964272]
[2024-11-29T02:34:18.344Z] 开始处理:[3964268,3964269,3964270,3964271,3964272]
[2024-11-29T02:34:18.701Z] 更新状态成功:[3964268,3964269,3964270,3964271,3964272]
[2024-11-29T02:34:18.718Z] 开始处理:[3964273,3964274,3964275,3964276,3964277]
[2024-11-29T02:34:18.833Z] 更新状态成功:[3964273,3964274,3964275,3964276,3964277]
[2024-11-29T02:34:18.852Z] 开始处理:[3964278,3964279,3964280,3964281,3964282]
[2024-11-29T02:34:18.965Z] 更新状态成功:[3964278,3964279,3964280,3964281,3964282]
[2024-11-29T02:34:18.986Z] 开始处理:[3964283,3964284,3964285,3964286,3964287]
[2024-11-29T02:34:19.095Z] 更新状态成功:[3964283,3964284,3964285,3964286,3964287]
[2024-11-29T02:34:19.115Z] 开始处理:[3964288,3964289,3964290,3964291,3964292]
[2024-11-29T02:34:19.226Z] 更新状态成功:[3964288,3964289,3964290,3964291,3964292]
[2024-11-29T02:34:19.248Z] 开始处理:[3964293,3964294,3964295,3964296,3964297]
[2024-11-29T02:34:19.362Z] 更新状态成功:[3964293,3964294,3964295,3964296,3964297]
[2024-11-29T02:34:19.381Z] 开始处理:[3964298,3964299,3964300,3964301,3964302]
[2024-11-29T02:34:19.495Z] 更新状态成功:[3964298,3964299,3964300,3964301,3964302]
[2024-11-29T02:34:19.513Z] 开始处理:[3964303,3964304,3964305,3964306,3964307]
[2024-11-29T02:34:19.622Z] 更新状态成功:[3964303,3964304,3964305,3964306,3964307]
[2024-11-29T02:34:19.642Z] 开始处理:[3964308,3964309,3964310,3964311,3964312]
[2024-11-29T02:34:19.810Z] 更新状态成功:[3964308,3964309,3964310,3964311,3964312]
[2024-11-29T02:34:19.826Z] 开始处理:[3964313,3964314,3964315,3964316,3964317]
[2024-11-29T02:34:19.948Z] 更新状态成功:[3964313,3964314,3964315,3964316,3964317]
[2024-11-29T02:34:19.996Z] 开始处理:[3964318,3964319,3964320,3964321,3964322]
[2024-11-29T02:34:20.133Z] 更新状态成功:[3964318,3964319,3964320,3964321,3964322]
[2024-11-29T02:34:20.150Z] 开始处理:[3964323,3964324,3964325,3964326,3964327]
[2024-11-29T02:34:20.274Z] 更新状态成功:[3964323,3964324,3964325,3964326,3964327]
[2024-11-29T02:34:20.291Z] 开始处理:[3964328,3964329,3964330,3964331,3964332]
[2024-11-29T02:34:20.411Z] 更新状态成功:[3964328,3964329,3964330,3964331,3964332]
[2024-11-29T02:34:20.429Z] 开始处理:[3964333,3964334,3964335,3964336,3964337]
[2024-11-29T02:34:20.546Z] 更新状态成功:[3964333,3964334,3964335,3964336,3964337]
[2024-11-29T02:34:20.564Z] 开始处理:[3964338,3964339,3964340,3964341,3964342]
[2024-11-29T02:34:20.671Z] 更新状态成功:[3964338,3964339,3964340,3964341,3964342]
[2024-11-29T02:34:20.687Z] 开始处理:[3964343,3964344,3964345,3964346,3964347]
[2024-11-29T02:34:20.824Z] 更新状态成功:[3964343,3964344,3964345,3964346,3964347]
[2024-11-29T02:34:20.852Z] 开始处理:[3964348,3964349,3964350,3964351,3964352]
[2024-11-29T02:34:20.994Z] 更新状态成功:[3964348,3964349,3964350,3964351,3964352]
[2024-11-29T02:34:21.039Z] 开始处理:[3964353,3964354,3964355,3964356,3964357]
[2024-11-29T02:34:21.166Z] 更新状态成功:[3964353,3964354,3964355,3964356,3964357]
[2024-11-29T02:34:21.187Z] 开始处理:[3964358,3964359,3964360,3964361,3964362]
[2024-11-29T02:34:21.300Z] 更新状态成功:[3964358,3964359,3964360,3964361,3964362]
[2024-11-29T02:34:21.321Z] 开始处理:[3964363,3964364,3964365,3964366,3964367]
[2024-11-29T02:34:21.445Z] 更新状态成功:[3964363,3964364,3964365,3964366,3964367]
[2024-11-29T02:34:21.462Z] 开始处理:[3964368,3964369,3964370,3964371,3964372]
[2024-11-29T02:34:21.569Z] 更新状态成功:[3964368,3964369,3964370,3964371,3964372]
[2024-11-29T02:34:21.585Z] 开始处理:[3964373,3964374,3964375,3964376,3964377]
[2024-11-29T02:34:21.709Z] 更新状态成功:[3964373,3964374,3964375,3964376,3964377]
[2024-11-29T02:34:21.727Z] 开始处理:[3964378,3964379,3964380,3964381,3964382]
[2024-11-29T02:34:21.838Z] 更新状态成功:[3964378,3964379,3964380,3964381,3964382]
[2024-11-29T02:34:21.854Z] 开始处理:[3964383,3964384,3964385,3964386,3964387]
[2024-11-29T02:34:22.071Z] 更新状态成功:[3964383,3964384,3964385,3964386,3964387]
[2024-11-29T02:34:22.093Z] 开始处理:[3964388,3964389,3964390,3964391,3964392]
[2024-11-29T02:34:22.210Z] 更新状态成功:[3964388,3964389,3964390,3964391,3964392]
[2024-11-29T02:34:22.226Z] 开始处理:[3964393,3964394,3964395,3964396,3964397]
[2024-11-29T02:34:22.332Z] 更新状态成功:[3964393,3964394,3964395,3964396,3964397]
[2024-11-29T02:34:22.350Z] 开始处理:[3964398,3964399,3964400,3964401,3964402]
[2024-11-29T02:34:22.465Z] 更新状态成功:[3964398,3964399,3964400,3964401,3964402]
[2024-11-29T02:34:22.482Z] 开始处理:[3964403,3964404,3964405,3964406,3964407]
[2024-11-29T02:34:22.592Z] 更新状态成功:[3964403,3964404,3964405,3964406,3964407]
[2024-11-29T02:34:22.609Z] 开始处理:[3964408,3964409,3964410,3964411,3964412]
[2024-11-29T02:34:22.728Z] 更新状态成功:[3964408,3964409,3964410,3964411,3964412]
[2024-11-29T02:34:22.745Z] 开始处理:[3964413,3964414,3964415,3964416,3964417]
[2024-11-29T02:34:22.858Z] 更新状态成功:[3964413,3964414,3964415,3964416,3964417]
[2024-11-29T02:34:22.878Z] 开始处理:[3964418,3964419,3964420,3964421,3964422]
[2024-11-29T02:34:22.987Z] 更新状态成功:[3964418,3964419,3964420,3964421,3964422]
[2024-11-29T02:34:23.005Z] 开始处理:[3964423,3964424,3964425,3964426,3964427]
[2024-11-29T02:34:23.120Z] 更新状态成功:[3964423,3964424,3964425,3964426,3964427]
[2024-11-29T02:34:23.139Z] 开始处理:[3964428,3964429,3964430,3964431,3964432]
[2024-11-29T02:34:23.260Z] 更新状态成功:[3964428,3964429,3964430,3964431,3964432]
[2024-11-29T02:34:23.280Z] 开始处理:[3964433,3964434,3964435,3964436,3964437]
[2024-11-29T02:34:23.388Z] 更新状态成功:[3964433,3964434,3964435,3964436,3964437]
[2024-11-29T02:34:23.405Z] 开始处理:[3964438,3964439,3964440,3964441,3964442]
[2024-11-29T02:34:23.516Z] 更新状态成功:[3964438,3964439,3964440,3964441,3964442]
[2024-11-29T02:34:23.531Z] 开始处理:[3964443,3964444,3964445,3964446,3964447]
[2024-11-29T02:34:23.641Z] 更新状态成功:[3964443,3964444,3964445,3964446,3964447]
[2024-11-29T02:34:23.663Z] 开始处理:[3964448,3964449,3964450,3964451,3964452]
[2024-11-29T02:34:23.774Z] 更新状态成功:[3964448,3964449,3964450,3964451,3964452]
[2024-11-29T02:34:23.791Z] 开始处理:[3964453,3964454,3964455,3964456,3964457]
[2024-11-29T02:34:23.901Z] 更新状态成功:[3964453,3964454,3964455,3964456,3964457]
[2024-11-29T02:34:23.919Z] 开始处理:[3964458,3964459,3964460,3964461,3964462]
[2024-11-29T02:34:24.044Z] 更新状态成功:[3964458,3964459,3964460,3964461,3964462]
[2024-11-29T02:34:24.060Z] 开始处理:[3964463,3964464,3964465,3964466,3964467]
[2024-11-29T02:34:24.177Z] 更新状态成功:[3964463,3964464,3964465,3964466,3964467]
[2024-11-29T02:34:24.206Z] 开始处理:[3964468,3964469,3964470,3964471,3964472]
[2024-11-29T02:34:24.337Z] 更新状态成功:[3964468,3964469,3964470,3964471,3964472]
[2024-11-29T02:34:24.365Z] 开始处理:[3964473,3964474,3964475,3964476,3964477]
[2024-11-29T02:34:24.474Z] 更新状态成功:[3964473,3964474,3964475,3964476,3964477]
[2024-11-29T02:34:24.492Z] 开始处理:[3964478,3964479,3964480,3964481,3964482]
[2024-11-29T02:34:24.618Z] 更新状态成功:[3964478,3964479,3964480,3964481,3964482]
[2024-11-29T02:34:24.637Z] 开始处理:[3964483,3964484,3964485,3964486,3964487]
[2024-11-29T02:34:24.746Z] 更新状态成功:[3964483,3964484,3964485,3964486,3964487]
[2024-11-29T02:34:24.762Z] 开始处理:[3964488,3964489,3964490,3964491,3964492]
[2024-11-29T02:34:24.872Z] 更新状态成功:[3964488,3964489,3964490,3964491,3964492]
[2024-11-29T02:34:24.893Z] 开始处理:[3964493,3964494,3964495,3964496,3964497]
[2024-11-29T02:34:25.010Z] 更新状态成功:[3964493,3964494,3964495,3964496,3964497]
[2024-11-29T02:34:25.031Z] 开始处理:[3964498,3964499,3964500,3964501,3964502]
[2024-11-29T02:34:25.146Z] 更新状态成功:[3964498,3964499,3964500,3964501,3964502]
[2024-11-29T02:34:25.162Z] 开始处理:[3964503,3964504,3964505,3964506,3964507]
[2024-11-29T02:34:25.295Z] 更新状态成功:[3964503,3964504,3964505,3964506,3964507]
[2024-11-29T02:34:25.311Z] 开始处理:[3964508,3964509,3964510,3964511,3964512]
[2024-11-29T02:34:25.433Z] 更新状态成功:[3964508,3964509,3964510,3964511,3964512]
[2024-11-29T02:34:25.448Z] 开始处理:[3964513,3964514,3964515,3964516,3964517]
[2024-11-29T02:34:25.555Z] 更新状态成功:[3964513,3964514,3964515,3964516,3964517]
[2024-11-29T02:34:25.569Z] 开始处理:[3964518,3964519,3964520,3964521,3964522]
[2024-11-29T02:34:25.692Z] 更新状态成功:[3964518,3964519,3964520,3964521,3964522]
[2024-11-29T02:34:25.710Z] 开始处理:[3964523,3964524,3964525,3964526,3964527]
[2024-11-29T02:34:25.818Z] 更新状态成功:[3964523,3964524,3964525,3964526,3964527]
[2024-11-29T02:34:25.844Z] 开始处理:[3964528,3964529,3964530,3964531,3964532]
[2024-11-29T02:34:25.982Z] 更新状态成功:[3964528,3964529,3964530,3964531,3964532]
[2024-11-29T02:34:25.998Z] 开始处理:[3964533,3964534,3964535,3964536,3964537]
[2024-11-29T02:34:26.111Z] 更新状态成功:[3964533,3964534,3964535,3964536,3964537]
[2024-11-29T02:34:26.127Z] 开始处理:[3964538,3964539,3964540,3964541,3964542]
[2024-11-29T02:34:26.249Z] 更新状态成功:[3964538,3964539,3964540,3964541,3964542]
[2024-11-29T02:34:26.266Z] 开始处理:[3964543,3964544,3964545,3964546,3964547]
[2024-11-29T02:34:26.384Z] 更新状态成功:[3964543,3964544,3964545,3964546,3964547]
[2024-11-29T02:34:26.401Z] 开始处理:[3964548,3964549,3964550,3964551,3964552]
[2024-11-29T02:34:26.511Z] 更新状态成功:[3964548,3964549,3964550,3964551,3964552]
[2024-11-29T02:34:26.535Z] 开始处理:[3964553,3964554,3964555,3964556,3964557]
[2024-11-29T02:34:26.654Z] 更新状态成功:[3964553,3964554,3964555,3964556,3964557]
[2024-11-29T02:34:26.670Z] 开始处理:[3964558,3964559,3964560,3964561,3964562]
[2024-11-29T02:34:26.783Z] 更新状态成功:[3964558,3964559,3964560,3964561,3964562]
[2024-11-29T02:34:26.801Z] 开始处理:[3964563,3964564,3964565,3964566,3964567]
[2024-11-29T02:34:26.912Z] 更新状态成功:[3964563,3964564,3964565,3964566,3964567]
[2024-11-29T02:34:26.930Z] 开始处理:[3964568,3964569,3964570,3964571,3964572]
[2024-11-29T02:34:27.051Z] 更新状态成功:[3964568,3964569,3964570,3964571,3964572]
[2024-11-29T02:34:27.067Z] 开始处理:[3964573,3964574,3964575,3964576,3964577]
[2024-11-29T02:34:27.183Z] 更新状态成功:[3964573,3964574,3964575,3964576,3964577]
[2024-11-29T02:34:27.198Z] 开始处理:[3964578,3964579,3964580,3964581,3964582]
[2024-11-29T02:34:27.305Z] 更新状态成功:[3964578,3964579,3964580,3964581,3964582]
[2024-11-29T02:34:27.320Z] 开始处理:[3964583,3964584,3964585,3964586,3964587]
[2024-11-29T02:34:27.449Z] 更新状态成功:[3964583,3964584,3964585,3964586,3964587]
[2024-11-29T02:34:27.464Z] 开始处理:[3964588,3964589,3964590,3964591,3964592]
[2024-11-29T02:34:27.579Z] 更新状态成功:[3964588,3964589,3964590,3964591,3964592]
[2024-11-29T02:34:27.595Z] 开始处理:[3964593,3964594,3964595,3964596,3964597]
[2024-11-29T02:34:27.718Z] 更新状态成功:[3964593,3964594,3964595,3964596,3964597]
[2024-11-29T02:34:27.734Z] 开始处理:[3964598,3964599,3964600,3964601,3964602]
[2024-11-29T02:34:27.849Z] 更新状态成功:[3964598,3964599,3964600,3964601,3964602]
[2024-11-29T02:34:27.867Z] 开始处理:[3964603,3964604,3964605,3964606,3964607]
[2024-11-29T02:34:27.981Z] 更新状态成功:[3964603,3964604,3964605,3964606,3964607]
[2024-11-29T02:34:27.998Z] 开始处理:[3964608,3964609,3964610,3964611,3964612]
[2024-11-29T02:34:28.105Z] 更新状态成功:[3964608,3964609,3964610,3964611,3964612]
[2024-11-29T02:34:28.125Z] 开始处理:[3964613,3964614,3964615,3964616,3964617]
[2024-11-29T02:34:28.237Z] 更新状态成功:[3964613,3964614,3964615,3964616,3964617]
[2024-11-29T02:34:28.255Z] 开始处理:[3964618,3964619,3964620,3964621,3964622]
[2024-11-29T02:34:28.371Z] 更新状态成功:[3964618,3964619,3964620,3964621,3964622]
[2024-11-29T02:34:28.386Z] 开始处理:[3964623,3964624,3964625,3964626,3964627]
[2024-11-29T02:34:28.498Z] 更新状态成功:[3964623,3964624,3964625,3964626,3964627]
[2024-11-29T02:34:28.518Z] 开始处理:[3964628,3964629,3964630,3964631,3964632]
[2024-11-29T02:34:28.628Z] 更新状态成功:[3964628,3964629,3964630,3964631,3964632]
[2024-11-29T02:34:28.645Z] 开始处理:[3964633,3964634,3964635,3964636,3964637]
[2024-11-29T02:34:28.762Z] 更新状态成功:[3964633,3964634,3964635,3964636,3964637]
[2024-11-29T02:34:28.781Z] 开始处理:[3964638,3964639,3964640,3964641,3964642]
[2024-11-29T02:34:28.891Z] 更新状态成功:[3964638,3964639,3964640,3964641,3964642]
[2024-11-29T02:34:28.908Z] 开始处理:[3964643,3964644,3964645,3964646,3964647]
[2024-11-29T02:34:29.014Z] 更新状态成功:[3964643,3964644,3964645,3964646,3964647]
[2024-11-29T02:34:29.033Z] 开始处理:[3964648,3964649,3964650,3964651,3964652]
[2024-11-29T02:34:29.148Z] 更新状态成功:[3964648,3964649,3964650,3964651,3964652]
[2024-11-29T02:34:29.164Z] 开始处理:[3964653,3964654,3964655,3964656,3964657]
[2024-11-29T02:34:29.273Z] 更新状态成功:[3964653,3964654,3964655,3964656,3964657]
[2024-11-29T02:34:29.290Z] 开始处理:[3964658,3964659,3964660,3964661,3964662]
[2024-11-29T02:34:29.398Z] 更新状态成功:[3964658,3964659,3964660,3964661,3964662]
[2024-11-29T02:34:29.416Z] 开始处理:[3964663,3964664,3964665,3964666,3964667]
[2024-11-29T02:34:29.526Z] 更新状态成功:[3964663,3964664,3964665,3964666,3964667]
[2024-11-29T02:34:29.543Z] 开始处理:[3964668,3964669,3964670,3964671,3964672]
[2024-11-29T02:34:29.646Z] 更新状态成功:[3964668,3964669,3964670,3964671,3964672]
[2024-11-29T02:34:29.662Z] 开始处理:[3964673,3964674,3964675,3964676,3964677]
[2024-11-29T02:34:29.772Z] 更新状态成功:[3964673,3964674,3964675,3964676,3964677]
[2024-11-29T02:34:29.801Z] 开始处理:[3964678,3964679,3964680,3964681,3964682]
[2024-11-29T02:34:29.912Z] 更新状态成功:[3964678,3964679,3964680,3964681,3964682]
[2024-11-29T02:34:29.929Z] 开始处理:[3964683,3964684,3964685,3964686,3964687]
[2024-11-29T02:34:30.036Z] 更新状态成功:[3964683,3964684,3964685,3964686,3964687]
[2024-11-29T02:34:30.054Z] 开始处理:[3964688,3964689,3964690,3964691,3964692]
[2024-11-29T02:34:30.209Z] 更新状态成功:[3964688,3964689,3964690,3964691,3964692]
[2024-11-29T02:34:30.227Z] 开始处理:[3964693,3964694,3964695,3964696,3964697]
[2024-11-29T02:34:30.338Z] 更新状态成功:[3964693,3964694,3964695,3964696,3964697]
[2024-11-29T02:34:30.355Z] 开始处理:[3964698,3964699,3964700,3964701,3964702]
[2024-11-29T02:34:30.527Z] 更新状态成功:[3964698,3964699,3964700,3964701,3964702]
[2024-11-29T02:34:30.544Z] 开始处理:[3964703,3964704,3964705,3964706,3964707]
[2024-11-29T02:34:30.659Z] 更新状态成功:[3964703,3964704,3964705,3964706,3964707]
[2024-11-29T02:34:30.676Z] 开始处理:[3964708,3964709,3964710,3964711,3964712]
[2024-11-29T02:34:31.002Z] 更新状态成功:[3964708,3964709,3964710,3964711,3964712]
[2024-11-29T02:34:31.020Z] 开始处理:[3964713,3964714,3964715,3964716,3964717]
[2024-11-29T02:34:31.191Z] 更新状态成功:[3964713,3964714,3964715,3964716,3964717]
[2024-11-29T02:34:31.214Z] 开始处理:[3964718,3964719,3964720,3964721,3964722]
[2024-11-29T02:34:31.323Z] 更新状态成功:[3964718,3964719,3964720,3964721,3964722]
[2024-11-29T02:34:31.340Z] 开始处理:[3964723,3964724,3964725,3964726,3964727]
[2024-11-29T02:34:31.443Z] 更新状态成功:[3964723,3964724,3964725,3964726,3964727]
[2024-11-29T02:34:31.458Z] 开始处理:[3964728,3964729,3964730,3964731,3964732]
[2024-11-29T02:34:31.655Z] 更新状态成功:[3964728,3964729,3964730,3964731,3964732]
[2024-11-29T02:34:31.671Z] 开始处理:[3964733,3964734,3964735,3964736,3964737]
[2024-11-29T02:34:31.785Z] 更新状态成功:[3964733,3964734,3964735,3964736,3964737]
[2024-11-29T02:34:31.800Z] 开始处理:[3964738,3964739,3964740,3964741,3964742]
[2024-11-29T02:34:31.914Z] 更新状态成功:[3964738,3964739,3964740,3964741,3964742]
[2024-11-29T02:34:31.935Z] 开始处理:[3964743,3964744,3964745,3964746,3964747]
[2024-11-29T02:34:32.111Z] 更新状态成功:[3964743,3964744,3964745,3964746,3964747]
[2024-11-29T02:34:32.130Z] 开始处理:[3964748,3964749,3964750,3964751,3964752]
[2024-11-29T02:34:32.239Z] 更新状态成功:[3964748,3964749,3964750,3964751,3964752]
[2024-11-29T02:34:32.262Z] 开始处理:[3964753,3964754,3964755,3964756,3964757]
[2024-11-29T02:34:32.379Z] 更新状态成功:[3964753,3964754,3964755,3964756,3964757]
[2024-11-29T02:34:32.397Z] 开始处理:[3964758,3964759,3964760,3964761,3964762]
[2024-11-29T02:34:32.506Z] 更新状态成功:[3964758,3964759,3964760,3964761,3964762]
[2024-11-29T02:34:32.521Z] 开始处理:[3964763,3964764,3964765,3964766,3964767]
[2024-11-29T02:34:32.633Z] 更新状态成功:[3964763,3964764,3964765,3964766,3964767]
[2024-11-29T02:34:32.661Z] 开始处理:[3964768,3964769,3964770,3964771,3964772]
[2024-11-29T02:34:32.762Z] 更新状态成功:[3964768,3964769,3964770,3964771,3964772]
[2024-11-29T02:34:32.777Z] 开始处理:[3964773,3964774,3964775,3964776,3964777]
[2024-11-29T02:34:32.884Z] 更新状态成功:[3964773,3964774,3964775,3964776,3964777]
[2024-11-29T02:34:32.899Z] 开始处理:[3964778,3964779,3964780,3964781,3964782]
[2024-11-29T02:34:33.017Z] 更新状态成功:[3964778,3964779,3964780,3964781,3964782]
[2024-11-29T02:34:33.033Z] 开始处理:[3964783,3964784,3964785,3964786,3964787]
[2024-11-29T02:34:33.143Z] 更新状态成功:[3964783,3964784,3964785,3964786,3964787]
[2024-11-29T02:34:33.159Z] 开始处理:[3964788,3964789,3964790,3964791,3964792]
[2024-11-29T02:34:33.265Z] 更新状态成功:[3964788,3964789,3964790,3964791,3964792]
[2024-11-29T02:34:33.281Z] 开始处理:[3964793,3964794,3964795,3964796,3964797]
[2024-11-29T02:34:33.394Z] 更新状态成功:[3964793,3964794,3964795,3964796,3964797]
[2024-11-29T02:34:33.412Z] 开始处理:[3964798,3964799,3964800,3964801,3964802]
[2024-11-29T02:34:33.521Z] 更新状态成功:[3964798,3964799,3964800,3964801,3964802]
[2024-11-29T02:34:33.542Z] 开始处理:[3964803,3964804,3964805,3964806,3964807]
[2024-11-29T02:34:33.657Z] 更新状态成功:[3964803,3964804,3964805,3964806,3964807]
[2024-11-29T02:34:33.676Z] 开始处理:[3964808,3964809,3964810,3964811,3964812]
[2024-11-29T02:34:33.797Z] 更新状态成功:[3964808,3964809,3964810,3964811,3964812]
[2024-11-29T02:34:33.816Z] 开始处理:[3964813,3964814,3964815,3964816,3964817]
[2024-11-29T02:34:33.958Z] 更新状态成功:[3964813,3964814,3964815,3964816,3964817]
[2024-11-29T02:34:33.980Z] 开始处理:[3964818,3964819,3964820,3964821,3964822]
[2024-11-29T02:34:34.101Z] 更新状态成功:[3964818,3964819,3964820,3964821,3964822]
[2024-11-29T02:34:34.118Z] 开始处理:[3964823,3964824,3964825,3964826,3964827]
[2024-11-29T02:34:34.223Z] 更新状态成功:[3964823,3964824,3964825,3964826,3964827]
[2024-11-29T02:34:34.242Z] 开始处理:[3964828,3964829,3964830,3964831,3964832]
[2024-11-29T02:34:34.372Z] 更新状态成功:[3964828,3964829,3964830,3964831,3964832]
[2024-11-29T02:34:34.392Z] 开始处理:[3964833,3964834,3964835,3964836,3964837]
[2024-11-29T02:34:34.507Z] 更新状态成功:[3964833,3964834,3964835,3964836,3964837]
[2024-11-29T02:34:34.525Z] 开始处理:[3964838,3964839,3964840,3964841,3964842]
[2024-11-29T02:34:34.632Z] 更新状态成功:[3964838,3964839,3964840,3964841,3964842]
[2024-11-29T02:34:34.654Z] 开始处理:[3964843,3964844,3964845,3964846,3964847]
[2024-11-29T02:34:34.767Z] 更新状态成功:[3964843,3964844,3964845,3964846,3964847]
[2024-11-29T02:34:34.784Z] 开始处理:[3964848,3964849,3964850,3964851,3964852]
[2024-11-29T02:34:34.896Z] 更新状态成功:[3964848,3964849,3964850,3964851,3964852]
[2024-11-29T02:34:34.917Z] 开始处理:[3964853,3964854,3964855,3964856,3964857]
[2024-11-29T02:34:35.026Z] 更新状态成功:[3964853,3964854,3964855,3964856,3964857]
[2024-11-29T02:34:35.043Z] 开始处理:[3964858,3964859,3964860,3964861,3964862]
[2024-11-29T02:34:35.150Z] 更新状态成功:[3964858,3964859,3964860,3964861,3964862]
[2024-11-29T02:34:35.166Z] 开始处理:[3964863,3964864,3964865,3964866,3964867]
[2024-11-29T02:34:35.285Z] 更新状态成功:[3964863,3964864,3964865,3964866,3964867]
[2024-11-29T02:34:35.302Z] 开始处理:[3964868,3964869,3964870,3964871,3964872]
[2024-11-29T02:34:35.409Z] 更新状态成功:[3964868,3964869,3964870,3964871,3964872]
[2024-11-29T02:34:35.428Z] 开始处理:[3964873,3964874,3964875,3964876,3964877]
[2024-11-29T02:34:35.562Z] 更新状态成功:[3964873,3964874,3964875,3964876,3964877]
[2024-11-29T02:34:35.580Z] 开始处理:[3964878,3964879,3964880,3964881,3964882]
[2024-11-29T02:34:35.693Z] 更新状态成功:[3964878,3964879,3964880,3964881,3964882]
[2024-11-29T02:34:35.718Z] 开始处理:[3964883,3964884,3964885,3964886,3964887]
[2024-11-29T02:34:35.838Z] 更新状态成功:[3964883,3964884,3964885,3964886,3964887]
[2024-11-29T02:34:35.855Z] 开始处理:[3964888,3964889,3964890,3964891,3964892]
[2024-11-29T02:34:35.975Z] 更新状态成功:[3964888,3964889,3964890,3964891,3964892]
[2024-11-29T02:34:35.990Z] 开始处理:[3964893,3964894,3964895,3964896,3964897]
[2024-11-29T02:34:36.137Z] 更新状态成功:[3964893,3964894,3964895,3964896,3964897]
[2024-11-29T02:34:36.155Z] 开始处理:[3964898,3964899,3964900,3964901,3964902]
[2024-11-29T02:34:36.264Z] 更新状态成功:[3964898,3964899,3964900,3964901,3964902]
[2024-11-29T02:34:36.286Z] 开始处理:[3964903,3964904,3964905,3964906,3964907]
[2024-11-29T02:36:04.184Z] 开始处理:[3964903,3964904,3964905,3964906,3964907]
[2024-11-29T02:36:04.547Z] 更新状态成功:[3964903,3964904,3964905,3964906,3964907]
[2024-11-29T02:36:04.564Z] 开始处理:[3964908,3964909,3964910,3964911,3964912]
[2024-11-29T02:36:04.735Z] 更新状态成功:[3964908,3964909,3964910,3964911,3964912]
[2024-11-29T02:36:04.755Z] 开始处理:[3964913,3964914,3964915,3964916,3964917]
[2024-11-29T02:36:04.923Z] 更新状态成功:[3964913,3964914,3964915,3964916,3964917]
[2024-11-29T02:36:04.947Z] 开始处理:[3964918,3964919,3964920,3964921,3964922]
[2024-11-29T02:36:05.072Z] 更新状态成功:[3964918,3964919,3964920,3964921,3964922]
[2024-11-29T02:36:05.092Z] 开始处理:[3964923,3964924,3964925,3964926,3964927]
[2024-11-29T02:36:05.212Z] 更新状态成功:[3964923,3964924,3964925,3964926,3964927]
[2024-11-29T02:36:05.233Z] 开始处理:[3964928,3964929,3964930,3964931,3964932]
[2024-11-29T02:36:05.346Z] 更新状态成功:[3964928,3964929,3964930,3964931,3964932]
[2024-11-29T02:36:05.362Z] 开始处理:[3964933,3964934,3964935,3964936,3964937]
[2024-11-29T02:36:05.476Z] 更新状态成功:[3964933,3964934,3964935,3964936,3964937]
[2024-11-29T02:36:05.494Z] 开始处理:[3964938,3964939,3964940,3964941,3964942]
[2024-11-29T02:36:05.613Z] 更新状态成功:[3964938,3964939,3964940,3964941,3964942]
[2024-11-29T02:36:05.631Z] 开始处理:[3964943,3964944,3964945,3964946,3964947]
[2024-11-29T02:36:05.748Z] 更新状态成功:[3964943,3964944,3964945,3964946,3964947]
[2024-11-29T02:36:05.764Z] 开始处理:[3964948,3964949,3964950,3964951,3964952]
[2024-11-29T02:36:05.880Z] 更新状态成功:[3964948,3964949,3964950,3964951,3964952]
[2024-11-29T02:36:05.898Z] 开始处理:[3964953,3964954,3964955,3964956,3964957]
[2024-11-29T02:36:06.025Z] 更新状态成功:[3964953,3964954,3964955,3964956,3964957]
[2024-11-29T02:36:06.041Z] 开始处理:[3964958,3964959,3964960,3964961,3964962]
[2024-11-29T02:36:06.160Z] 更新状态成功:[3964958,3964959,3964960,3964961,3964962]
[2024-11-29T02:36:06.182Z] 开始处理:[3964963,3964964,3964965,3964966,3964967]
[2024-11-29T02:36:06.314Z] 更新状态成功:[3964963,3964964,3964965,3964966,3964967]
[2024-11-29T02:36:06.334Z] 开始处理:[3964968,3964969,3964970,3964971,3964972]
[2024-11-29T02:36:06.445Z] 更新状态成功:[3964968,3964969,3964970,3964971,3964972]
[2024-11-29T02:36:06.462Z] 开始处理:[3964973,3964974,3964975,3964976,3964977]
[2024-11-29T02:36:06.639Z] 更新状态成功:[3964973,3964974,3964975,3964976,3964977]
[2024-11-29T02:36:06.657Z] 开始处理:[3964978,3964979,3964980,3964981,3964982]
[2024-11-29T02:36:06.768Z] 更新状态成功:[3964978,3964979,3964980,3964981,3964982]
[2024-11-29T02:36:06.788Z] 开始处理:[3964983,3964984,3964985,3964986,3964987]
[2024-11-29T02:36:06.960Z] 更新状态成功:[3964983,3964984,3964985,3964986,3964987]
[2024-11-29T02:36:06.978Z] 开始处理:[3964988,3964989,3964990,3964991,3964992]
[2024-11-29T02:36:07.175Z] 数据插入成功:[{"gid":3964989,"uid":"d73907101a6ebcf4b2077d62"},{"gid":3964990,"uid":"d73907101a6ebcf4b2077d62"},{"gid":3964991,"uid":"d73907101a6ebcf4b2077d62"}]
[2024-11-29T02:36:07.189Z] 更新状态成功:[3964988,3964989,3964990,3964991,3964992]
[2024-11-29T02:36:07.205Z] 开始处理:[3964993,3964994,3964995,3964996,3964997]
[2024-11-29T02:36:07.328Z] 更新状态成功:[3964993,3964994,3964995,3964996,3964997]
[2024-11-29T02:36:07.347Z] 开始处理:[3964998,3964999,3965000,3965001,3965002]
[2024-11-29T02:36:07.472Z] 更新状态成功:[3964998,3964999,3965000,3965001,3965002]
[2024-11-29T02:36:07.490Z] 开始处理:[3965003,3965004,3965005,3965006,3965007]
[2024-11-29T02:36:07.621Z] 更新状态成功:[3965003,3965004,3965005,3965006,3965007]
[2024-11-29T02:36:07.639Z] 开始处理:[3965008,3965009,3965010,3965011,3965012]
[2024-11-29T02:36:07.802Z] 更新状态成功:[3965008,3965009,3965010,3965011,3965012]
[2024-11-29T02:36:07.820Z] 开始处理:[3965013,3965014,3965015,3965016,3965017]
[2024-11-29T02:36:07.942Z] 更新状态成功:[3965013,3965014,3965015,3965016,3965017]
[2024-11-29T02:36:07.963Z] 开始处理:[3965018,3965019,3965020,3965021,3965022]
[2024-11-29T02:36:08.086Z] 更新状态成功:[3965018,3965019,3965020,3965021,3965022]
[2024-11-29T02:36:08.106Z] 开始处理:[3965023,3965024,3965025,3965026,3965027]
[2024-11-29T02:36:08.222Z] 更新状态成功:[3965023,3965024,3965025,3965026,3965027]
[2024-11-29T02:36:08.239Z] 开始处理:[3965028,3965029,3965030,3965031,3965032]
[2024-11-29T02:36:08.360Z] 更新状态成功:[3965028,3965029,3965030,3965031,3965032]
[2024-11-29T02:36:08.378Z] 开始处理:[3965033,3965034,3965035,3965036,3965037]
[2024-11-29T02:36:08.523Z] 数据插入成功:[{"gid":3965035,"uid":"a83e8bd4c7a302da48fd3f4d"},{"gid":3965036,"uid":"a83e8bd4c7a302da48fd3f4d"},{"gid":3965037,"uid":"a83e8bd4c7a302da48fd3f4d"}]
[2024-11-29T02:36:08.542Z] 更新状态成功:[3965033,3965034,3965035,3965036,3965037]
[2024-11-29T02:36:08.558Z] 开始处理:[3965038,3965039,3965040,3965041,3965042]
[2024-11-29T02:36:08.793Z] 数据插入成功:[{"gid":3965038,"uid":"9cb5f93686bfd094f7b9168c"},{"gid":3965038,"uid":"a83e8bd4c7a302da48fd3f4d"},{"gid":3965039,"uid":"9cb5f93686bfd094f7b9168c"},{"gid":3965040,"uid":"9cb5f93686bfd094f7b9168c"},{"gid":3965041,"uid":"9cb5f93686bfd094f7b9168c"}]
[2024-11-29T02:36:08.810Z] 更新状态成功:[3965038,3965039,3965040,3965041,3965042]
[2024-11-29T02:36:08.827Z] 开始处理:[3965043,3965044,3965045,3965046,3965047]
[2024-11-29T02:36:09.062Z] 数据插入成功:[{"gid":3965045,"uid":"4ddc4a886b05dd86f2193780"},{"gid":3965046,"uid":"4ddc4a886b05dd86f2193780"},{"gid":3965046,"uid":"1151680b344b00fff119373f"},{"gid":3965046,"uid":"f98ba0c23c00387e2bb97cdd"},{"gid":3965046,"uid":"a49d8adc279046caf03cba61"},{"gid":3965047,"uid":"4ddc4a886b05dd86f2193780"},{"gid":3965047,"uid":"f98ba0c23c00387e2bb97cdd"},{"gid":3965047,"uid":"1151680b344b00fff119373f"},{"gid":3965047,"uid":"a49d8adc279046caf03cba61"}]
[2024-11-29T02:36:09.078Z] 更新状态成功:[3965043,3965044,3965045,3965046,3965047]
[2024-11-29T02:36:09.095Z] 开始处理:[3965048,3965049,3965050,3965051,3965052]
[2024-11-29T02:36:09.345Z] 数据插入成功:[{"gid":3965048,"uid":"4ddc4a886b05dd86f2193780"},{"gid":3965048,"uid":"f98ba0c23c00387e2bb97cdd"},{"gid":3965048,"uid":"1151680b344b00fff119373f"},{"gid":3965048,"uid":"a49d8adc279046caf03cba61"},{"gid":3965049,"uid":"f98ba0c23c00387e2bb97cdd"},{"gid":3965049,"uid":"1151680b344b00fff119373f"},{"gid":3965049,"uid":"a49d8adc279046caf03cba61"},{"gid":3965051,"uid":"8f7a618645549c887dc8769f"},{"gid":3965052,"uid":"8f7a618645549c887dc8769f"}]
[2024-11-29T02:36:09.376Z] 更新状态成功:[3965048,3965049,3965050,3965051,3965052]
[2024-11-29T02:36:09.400Z] 开始处理:[3965053,3965054,3965055,3965056,3965057]
[2024-11-29T02:36:09.576Z] 数据插入成功:[{"gid":3965053,"uid":"8f7a618645549c887dc8769f"},{"gid":3965054,"uid":"8f7a618645549c887dc8769f"},{"gid":3965056,"uid":"7030598e6cb631a95fbe86e8"},{"gid":3965057,"uid":"7030598e6cb631a95fbe86e8"}]
[2024-11-29T02:36:09.592Z] 更新状态成功:[3965053,3965054,3965055,3965056,3965057]
[2024-11-29T02:36:09.612Z] 开始处理:[3965058,3965059,3965060,3965061,3965062]
[2024-11-29T02:36:09.732Z] 数据插入成功:[{"gid":3965058,"uid":"7030598e6cb631a95fbe86e8"}]
[2024-11-29T02:36:09.750Z] 更新状态成功:[3965058,3965059,3965060,3965061,3965062]
[2024-11-29T02:36:09.770Z] 开始处理:[3965063,3965064,3965065,3965066,3965067]
[2024-11-29T02:36:09.904Z] 更新状态成功:[3965063,3965064,3965065,3965066,3965067]
[2024-11-29T02:36:09.920Z] 开始处理:[3965068,3965069,3965070,3965071,3965072]
[2024-11-29T02:36:10.036Z] 更新状态成功:[3965068,3965069,3965070,3965071,3965072]
[2024-11-29T02:36:10.053Z] 开始处理:[3965073,3965074,3965075,3965076,3965077]
[2024-11-29T02:36:10.162Z] 更新状态成功:[3965073,3965074,3965075,3965076,3965077]
[2024-11-29T02:36:10.178Z] 开始处理:[3965078,3965079,3965080,3965081,3965082]
[2024-11-29T02:36:10.283Z] 更新状态成功:[3965078,3965079,3965080,3965081,3965082]
[2024-11-29T02:36:10.298Z] 开始处理:[3965083,3965084,3965085,3965086,3965087]
[2024-11-29T02:36:10.408Z] 更新状态成功:[3965083,3965084,3965085,3965086,3965087]
[2024-11-29T02:36:10.424Z] 开始处理:[3965088,3965089,3965090,3965091,3965092]
[2024-11-29T02:36:10.538Z] 更新状态成功:[3965088,3965089,3965090,3965091,3965092]
[2024-11-29T02:36:10.554Z] 开始处理:[3965093,3965094,3965095,3965096,3965097]
[2024-11-29T02:36:10.668Z] 更新状态成功:[3965093,3965094,3965095,3965096,3965097]
[2024-11-29T02:36:10.683Z] 开始处理:[3965098,3965099,3965100,3965101,3965102]
[2024-11-29T02:36:10.799Z] 更新状态成功:[3965098,3965099,3965100,3965101,3965102]
[2024-11-29T02:36:10.818Z] 开始处理:[3965103,3965104,3965105,3965106,3965107]
[2024-11-29T02:36:10.928Z] 更新状态成功:[3965103,3965104,3965105,3965106,3965107]
[2024-11-29T02:36:10.944Z] 开始处理:[3965108,3965109,3965110,3965111,3965112]
[2024-11-29T02:36:11.099Z] 数据插入成功:[{"gid":3965112,"uid":"aa40108b43404316c5effb34"}]
[2024-11-29T02:36:11.115Z] 更新状态成功:[3965108,3965109,3965110,3965111,3965112]
[2024-11-29T02:36:11.141Z] 开始处理:[3965113,3965114,3965115,3965116,3965117]
[2024-11-29T02:36:11.377Z] 数据插入成功:[{"gid":3965113,"uid":"aa40108b43404316c5effb34"},{"gid":3965114,"uid":"aa40108b43404316c5effb34"},{"gid":3965115,"uid":"aa40108b43404316c5effb34"},{"gid":3965116,"uid":"34bbc14cdee79020fb221355"},{"gid":3965116,"uid":"aa40108b43404316c5effb34"},{"gid":3965116,"uid":"bad0f9987c5c51719de3212d"},{"gid":3965117,"uid":"34bbc14cdee79020fb221355"},{"gid":3965117,"uid":"bad0f9987c5c51719de3212d"},{"gid":3965117,"uid":"7ac05122cf10730cfb42b224"}]
[2024-11-29T02:36:11.400Z] 更新状态成功:[3965113,3965114,3965115,3965116,3965117]
[2024-11-29T02:36:11.418Z] 开始处理:[3965118,3965119,3965120,3965121,3965122]
[2024-11-29T02:36:11.708Z] 数据插入成功:[{"gid":3965118,"uid":"34bbc14cdee79020fb221355"},{"gid":3965118,"uid":"bad0f9987c5c51719de3212d"},{"gid":3965118,"uid":"9ce15d9cec8e8ebb49fc8d02"},{"gid":3965118,"uid":"7ac05122cf10730cfb42b224"},{"gid":3965119,"uid":"34bbc14cdee79020fb221355"},{"gid":3965119,"uid":"9ce15d9cec8e8ebb49fc8d02"},{"gid":3965119,"uid":"7ac05122cf10730cfb42b224"},{"gid":3965120,"uid":"34bbc14cdee79020fb221355"},{"gid":3965120,"uid":"49d5d0f1fd88f7d731870a30"},{"gid":3965120,"uid":"9ce15d9cec8e8ebb49fc8d02"},{"gid":3965121,"uid":"34bbc14cdee79020fb221355"},{"gid":3965121,"uid":"49d5d0f1fd88f7d731870a30"},{"gid":3965122,"uid":"34bbc14cdee79020fb221355"},{"gid":3965122,"uid":"49d5d0f1fd88f7d731870a30"}]
[2024-11-29T02:36:11.731Z] 更新状态成功:[3965118,3965119,3965120,3965121,3965122]
[2024-11-29T02:36:11.751Z] 开始处理:[3965123,3965124,3965125,3965126,3965127]
[2024-11-29T02:36:11.911Z] 数据插入成功:[{"gid":3965123,"uid":"34bbc14cdee79020fb221355"},{"gid":3965123,"uid":"49d5d0f1fd88f7d731870a30"},{"gid":3965124,"uid":"34bbc14cdee79020fb221355"}]
[2024-11-29T02:36:11.927Z] 更新状态成功:[3965123,3965124,3965125,3965126,3965127]
[2024-11-29T02:36:11.942Z] 开始处理:[3965128,3965129,3965130,3965131,3965132]
[2024-11-29T02:36:12.055Z] 更新状态成功:[3965128,3965129,3965130,3965131,3965132]
[2024-11-29T02:36:12.069Z] 开始处理:[3965133,3965134,3965135,3965136,3965137]
[2024-11-29T02:36:12.182Z] 更新状态成功:[3965133,3965134,3965135,3965136,3965137]
[2024-11-29T02:36:12.197Z] 开始处理:[3965138,3965139,3965140,3965141,3965142]
[2024-11-29T02:36:12.304Z] 更新状态成功:[3965138,3965139,3965140,3965141,3965142]
[2024-11-29T02:36:12.337Z] 开始处理:[3965143,3965144,3965145,3965146,3965147]
[2024-11-29T02:36:12.474Z] 更新状态成功:[3965143,3965144,3965145,3965146,3965147]
[2024-11-29T02:36:12.493Z] 开始处理:[3965148,3965149,3965150,3965151,3965152]
[2024-11-29T02:36:12.615Z] 更新状态成功:[3965148,3965149,3965150,3965151,3965152]
[2024-11-29T02:36:12.637Z] 开始处理:[3965153,3965154,3965155,3965156,3965157]
[2024-11-29T02:36:12.764Z] 更新状态成功:[3965153,3965154,3965155,3965156,3965157]
[2024-11-29T02:36:12.782Z] 开始处理:[3965158,3965159,3965160,3965161,3965162]
[2024-11-29T02:36:13.006Z] 数据插入成功:[{"gid":3965158,"uid":"34c2adc05ab5b75ea80dd8d6"},{"gid":3965159,"uid":"edd64ce1371868883fe231fe"},{"gid":3965159,"uid":"34c2adc05ab5b75ea80dd8d6"},{"gid":3965160,"uid":"edd64ce1371868883fe231fe"},{"gid":3965160,"uid":"34c2adc05ab5b75ea80dd8d6"},{"gid":3965161,"uid":"edd64ce1371868883fe231fe"},{"gid":3965161,"uid":"34c2adc05ab5b75ea80dd8d6"},{"gid":3965162,"uid":"edd64ce1371868883fe231fe"}]
[2024-11-29T02:36:13.023Z] 更新状态成功:[3965158,3965159,3965160,3965161,3965162]
[2024-11-29T02:36:13.039Z] 开始处理:[3965163,3965164,3965165,3965166,3965167]
[2024-11-29T02:36:13.174Z] 数据插入成功:[{"gid":3965164,"uid":"43277ec27ad31da9cd04ef47"},{"gid":3965165,"uid":"43277ec27ad31da9cd04ef47"}]
[2024-11-29T02:36:13.190Z] 更新状态成功:[3965163,3965164,3965165,3965166,3965167]
[2024-11-29T02:36:13.208Z] 开始处理:[3965168,3965169,3965170,3965171,3965172]
[2024-11-29T02:36:13.327Z] 更新状态成功:[3965168,3965169,3965170,3965171,3965172]
[2024-11-29T02:36:13.346Z] 开始处理:[3965173,3965174,3965175,3965176,3965177]
[2024-11-29T02:36:13.477Z] 更新状态成功:[3965173,3965174,3965175,3965176,3965177]
[2024-11-29T02:36:13.494Z] 开始处理:[3965178,3965179,1762147,1762148,1762149]
[2024-11-29T02:36:13.757Z] 数据插入成功:[{"gid":3965178,"uid":"b6483cc3ed6932b0c336444c"},{"gid":3965179,"uid":"b6483cc3ed6932b0c336444c"},{"gid":1762147,"uid":"58b81970c90eab82734b87a0"},{"gid":1762147,"uid":"3717a6250a3b459fbadf8f0d"},{"gid":1762148,"uid":"58b81970c90eab82734b87a0"},{"gid":1762148,"uid":"3717a6250a3b459fbadf8f0d"},{"gid":1762149,"uid":"58b81970c90eab82734b87a0"},{"gid":1762149,"uid":"3717a6250a3b459fbadf8f0d"}]
[2024-11-29T02:36:13.774Z] 更新状态成功:[3965178,3965179,1762147,1762148,1762149]
[2024-11-29T02:36:13.790Z] 开始处理:[1762150,1762151,1762152,3965180,3965181]
[2024-11-29T02:36:14.002Z] 数据插入成功:[{"gid":1762150,"uid":"58b81970c90eab82734b87a0"},{"gid":1762150,"uid":"3717a6250a3b459fbadf8f0d"},{"gid":1762151,"uid":"58b81970c90eab82734b87a0"},{"gid":1762151,"uid":"3717a6250a3b459fbadf8f0d"},{"gid":1762152,"uid":"58b81970c90eab82734b87a0"},{"gid":1762152,"uid":"3717a6250a3b459fbadf8f0d"},{"gid":3965180,"uid":"b6483cc3ed6932b0c336444c"},{"gid":3965181,"uid":"46f8251a868fef1072210b61"}]
[2024-11-29T02:36:14.017Z] 更新状态成功:[1762150,1762151,1762152,3965180,3965181]
[2024-11-29T02:36:14.037Z] 开始处理:[3965182,3965183,3965184,3965185,3965186]
[2024-11-29T02:36:14.363Z] 数据插入成功:[{"gid":3965182,"uid":"a053507d5613f8d075e5b638"},{"gid":3965182,"uid":"46f8251a868fef1072210b61"},{"gid":3965182,"uid":"c20e805919e461ecb5147fe2"},{"gid":3965182,"uid":"d8b7593d706000a97f29bde3"},{"gid":3965182,"uid":"083a55faaea1807a246e9834"},{"gid":3965183,"uid":"a053507d5613f8d075e5b638"},{"gid":3965183,"uid":"c20e805919e461ecb5147fe2"},{"gid":3965183,"uid":"d8b7593d706000a97f29bde3"},{"gid":3965183,"uid":"083a55faaea1807a246e9834"},{"gid":3965184,"uid":"a053507d5613f8d075e5b638"},{"gid":3965184,"uid":"c20e805919e461ecb5147fe2"},{"gid":3965184,"uid":"d8b7593d706000a97f29bde3"},{"gid":3965184,"uid":"083a55faaea1807a246e9834"},{"gid":3965185,"uid":"3cf219657f2bb5e45d17c317"},{"gid":3965186,"uid":"3cf219657f2bb5e45d17c317"}]
[2024-11-29T02:36:14.383Z] 更新状态成功:[3965182,3965183,3965184,3965185,3965186]
[2024-11-29T02:36:14.405Z] 开始处理:[3965187,3965188,3965189,3965190,3965191]
[2024-11-29T02:36:14.570Z] 数据插入成功:[{"gid":3965188,"uid":"c8bfda31d00a38254c5547c0"},{"gid":3965189,"uid":"c8bfda31d00a38254c5547c0"},{"gid":3965190,"uid":"c8bfda31d00a38254c5547c0"}]
[2024-11-29T02:36:14.586Z] 更新状态成功:[3965187,3965188,3965189,3965190,3965191]
[2024-11-29T02:36:14.603Z] 开始处理:[3965192,3965193,3965194,3965195,3965196]
[2024-11-29T02:36:14.770Z] 更新状态成功:[3965192,3965193,3965194,3965195,3965196]
[2024-11-29T02:36:14.787Z] 开始处理:[3965197,3965198,3965199,3965200,3965201]
[2024-11-29T02:36:14.905Z] 更新状态成功:[3965197,3965198,3965199,3965200,3965201]
[2024-11-29T02:36:14.923Z] 开始处理:[3965202,3965203,3965204,3965205,3965206]
[2024-11-29T02:36:15.037Z] 更新状态成功:[3965202,3965203,3965204,3965205,3965206]
[2024-11-29T02:36:15.054Z] 开始处理:[3965207,3965208,3965209,3965210,3965211]
[2024-11-29T02:36:15.191Z] 更新状态成功:[3965207,3965208,3965209,3965210,3965211]
[2024-11-29T02:36:15.209Z] 开始处理:[3965212,1761061,1761062,1761063,1761064]
[2024-11-29T02:36:15.462Z] 数据插入成功:[{"gid":1761061,"uid":"dde5b5957f7273bdeddfca91"},{"gid":1761062,"uid":"803708f19b490e7901897224"},{"gid":1761062,"uid":"bde8c4d9c6bee928fbf0cb37"},{"gid":1761062,"uid":"dde5b5957f7273bdeddfca91"},{"gid":1761063,"uid":"803708f19b490e7901897224"},{"gid":1761063,"uid":"bde8c4d9c6bee928fbf0cb37"},{"gid":1761063,"uid":"dde5b5957f7273bdeddfca91"},{"gid":1761064,"uid":"803708f19b490e7901897224"},{"gid":1761064,"uid":"bde8c4d9c6bee928fbf0cb37"},{"gid":1761064,"uid":"89c0bc4eefebe76b2b11d1f7"},{"gid":1761064,"uid":"dde5b5957f7273bdeddfca91"}]
[2024-11-29T02:36:15.478Z] 更新状态成功:[3965212,1761061,1761062,1761063,1761064]
[2024-11-29T02:36:15.494Z] 开始处理:[1761065,1761066,1761067,1761068,1761069]
[2024-11-29T02:36:15.706Z] 数据插入成功:[{"gid":1761065,"uid":"89c0bc4eefebe76b2b11d1f7"},{"gid":1761065,"uid":"bde8c4d9c6bee928fbf0cb37"},{"gid":1761066,"uid":"89c0bc4eefebe76b2b11d1f7"},{"gid":1761067,"uid":"89c0bc4eefebe76b2b11d1f7"}]
[2024-11-29T02:36:15.725Z] 更新状态成功:[1761065,1761066,1761067,1761068,1761069]
[2024-11-29T02:36:15.741Z] 开始处理:[1761070,1761071,1761072,1761073,1761074]
[2024-11-29T02:36:15.897Z] 数据插入成功:[{"gid":1761072,"uid":"f67e48d6029752b288db7396"},{"gid":1761072,"uid":"c381af62407722773617dc09"},{"gid":1761073,"uid":"f67e48d6029752b288db7396"},{"gid":1761073,"uid":"c381af62407722773617dc09"}]
[2024-11-29T02:36:15.914Z] 更新状态成功:[1761070,1761071,1761072,1761073,1761074]
[2024-11-29T02:36:15.932Z] 开始处理:[1761075,3965213,3965214,3965215,3965216]
[2024-11-29T02:36:16.139Z] 数据插入成功:[{"gid":3965215,"uid":"663e605273a679e309a8d489"},{"gid":3965216,"uid":"182154727cdb56294d554757"},{"gid":3965216,"uid":"663e605273a679e309a8d489"}]
[2024-11-29T02:36:16.168Z] 更新状态成功:[1761075,3965213,3965214,3965215,3965216]
[2024-11-29T02:36:16.187Z] 开始处理:[3965217,3965218,3965219,3965220,3965221]
[2024-11-29T02:36:16.367Z] 数据插入成功:[{"gid":3965217,"uid":"182154727cdb56294d554757"},{"gid":3965217,"uid":"663e605273a679e309a8d489"},{"gid":3965218,"uid":"182154727cdb56294d554757"},{"gid":3965218,"uid":"663e605273a679e309a8d489"}]
[2024-11-29T02:36:16.380Z] 更新状态成功:[3965217,3965218,3965219,3965220,3965221]
[2024-11-29T02:36:16.393Z] 开始处理:[3965222,3965223,3965224,3965225,3965226]
[2024-11-29T02:36:16.550Z] 数据插入成功:[{"gid":3965222,"uid":"5ff8e08cd6bded2080a12ea9"},{"gid":3965223,"uid":"5ff8e08cd6bded2080a12ea9"},{"gid":3965224,"uid":"5ff8e08cd6bded2080a12ea9"}]
[2024-11-29T02:36:16.568Z] 更新状态成功:[3965222,3965223,3965224,3965225,3965226]
[2024-11-29T02:36:16.585Z] 开始处理:[3965227,3965228,3965229,3965230,3965231]
